#
# A fatal error has been detected by the Java Runtime Environment:
#
#  SIGSEGV (0xb) at pc=0x00007fff98b268f2, pid=2791, tid=1811
#
# JRE version: Java(TM) SE Runtime Environment (8.0_65-b17) (build 1.8.0_65-b17)
# Java VM: Java HotSpot(TM) 64-Bit Server VM (25.65-b01 mixed mode bsd-amd64 compressed oops)
# Problematic frame:
# C  [libGPUSupportMercury.dylib+0xb8f2]  gldAttachDrawable+0x60
#
# Failed to write core dump. Core dumps have been disabled. To enable core dumping, try "ulimit -c unlimited" before starting Java again
#
# If you would like to submit a bug report, please visit:
#   http://bugreport.java.com/bugreport/crash.jsp
# The crash happened outside the Java Virtual Machine in native code.
# See problematic frame for where to report the bug.
#

---------------  T H R E A D  ---------------

Current thread (0x00007fcc39828000):  JavaThread "AppKit Thread" daemon [_thread_in_native, id=1811, stack(0x00007fff5be8a000,0x00007fff5c68a000)]

siginfo: si_signo: 11 (SIGSEGV), si_code: 0 (unknown), si_addr: 0x0000000000000000

Registers:
RAX=0x7000000000000000, RBX=0x000000000000271e, RCX=0x0000000000000000, RDX=0x00007fcc397d0168
RSP=0x00007fff5c6839d0, RBP=0x00007fff5c683ad0, RSI=0x0000000000000050, RDI=0x00007fff79c68070
R8 =0x00007fcc3d80aa60, R9 =0x00007fcc3d800000, R10=0x000000000000003c, R11=0x0000000000000206
R12=0x0000000000002718, R13=0x00007fcc3b2e1800, R14=0x0000000000000050, R15=0x0000000000000000
RIP=0x00007fff98b268f2, EFLAGS=0x0000000000010212, ERR=0x0000000000000000
  TRAPNO=0x000000000000000d

Top of Stack: (sp=0x00007fff5c6839d0)
0x00007fff5c6839d0:   00007fff5c683a44 00007fcc39625d10
0x00007fff5c6839e0:   ffffffffffffffff 0000206000000040
0x00007fff5c6839f0:   00007fcc39625d28 00007fff9968764f
0x00007fff5c683a00:   0000000000000000 7000000000000000
0x00007fff5c683a10:   0000000300000003 00007fff5c683b58
0x00007fff5c683a20:   00007fff5c683ae4 000000000001e45b
0x00007fff5c683a30:   00007fff5c683adc 00007fff5c683ae0
0x00007fff5c683a40:   00007fff5c683ac0 00007fff89be3299
0x00007fff5c683a50:   0000000000000000 000000000000044c
0x00007fff5c683a60:   0000003400001200 0000040b00000000
0x00007fff5c683a70:   00007fff5c683aa0 00007fff89b7ca9a
0x00007fff5c683a80:   00007fff5c683b18 000000000000044c
0x00007fff5c683a90:   00007fff5c683ad0 0000000027ea1748
0x00007fff5c683aa0:   ea00c76691332813 00007fcc3d800c00
0x00007fff5c683ab0:   0000000000002718 0000000000000000
0x00007fff5c683ac0:   0000000000000050 0000000000000000
0x00007fff5c683ad0:   00007fff5c683b20 00007fff994dd7e8
0x00007fff5c683ae0:   00007fcc3d80aa60 0000000000000000
0x00007fff5c683af0:   00007fcc397d0168 00007fcc39457010
0x00007fff5c683b00:   0000000000000000 00007fcc3a90a550
0x00007fff5c683b10:   00007fcc3a908600 00007fff79c68070
0x00007fff5c683b20:   00007fff5c683c10 00007fff91f90870
0x00007fff5c683b30:   408c200000000000 4072700000000000
0x00007fff5c683b40:   4060000000000000 408a900000000000
0x00007fff5c683b50:   4083700000000000 0000000000000000
0x00007fff5c683b60:   4036000000000000 408a900000000000
0x00007fff5c683b70:   4082c00000000000 0000000000000000
0x00007fff5c683b80:   0000000000000000 0000000000000001
0x00007fff5c683b90:   00007fcc397d0168 0000000000000001
0x00007fff5c683ba0:   00007fff5c683c10 00007fff91f9566b
0x00007fff5c683bb0:   0000000100000003 00007fcc3a90a550
0x00007fff5c683bc0:   00007fcc3a90a488 000000029399ffff 

Instructions: (pc=0x00007fff98b268f2)
0x00007fff98b268d2:   48 85 d2 b8 01 00 00 00 bb 15 27 00 00 0f 44 d8
0x00007fff98b268e2:   e9 7f 01 00 00 49 8b 45 08 48 89 85 38 ff ff ff
0x00007fff98b268f2:   48 8b 00 48 89 85 30 ff ff ff 83 fe 4f 0f 8f fd
0x00007fff98b26902:   00 00 00 48 89 d0 bb 15 27 00 00 83 fe 35 0f 84 

Register to memory mapping:

RAX=0x7000000000000000 is an unknown value
RBX=0x000000000000271e is an unknown value
RCX=0x0000000000000000 is an unknown value
RDX=0x00007fcc397d0168 is an unknown value
RSP=0x00007fff5c6839d0 is pointing into the stack for thread: 0x00007fcc39828000
RBP=0x00007fff5c683ad0 is pointing into the stack for thread: 0x00007fcc39828000
RSI=0x0000000000000050 is an unknown value
RDI=0x00007fff79c68070: __stack_chk_guard+0 in /usr/lib/system/libsystem_c.dylib at 0x00007fff8a680000
R8 =0x00007fcc3d80aa60 is an unknown value
R9 =0x00007fcc3d800000 is an unknown value
R10=0x000000000000003c is an unknown value
R11=0x0000000000000206 is an unknown value
R12=0x0000000000002718 is an unknown value
R13=0x00007fcc3b2e1800 is an unknown value
R14=0x0000000000000050 is an unknown value
R15=0x0000000000000000 is an unknown value


Stack: [0x00007fff5be8a000,0x00007fff5c68a000],  sp=0x00007fff5c6839d0,  free space=8166k
Native frames: (J=compiled Java code, j=interpreted, Vv=VM code, C=native code)
C  [libGPUSupportMercury.dylib+0xb8f2]  gldAttachDrawable+0x60
C  [GLEngine+0x167e8]  gliAttachDrawableWithOptions+0x101
C  [OpenGL+0x3870]  glcGetIOAccelService+0xe03
C  [OpenGL+0x7412]  CGLSetPBuffer+0xb90
C  [OpenGL+0x7735]  CGLSetSurface+0x124
C  [AppKit+0x332c34]  NSOpenGLContextAttachOnScreenViewSurface+0x109
C  [AppKit+0x31db7c]  -[NSOpenGLContext setView:]+0x83
C  [liblwjgl.dylib+0xa586]  -[MacOSXOpenGLView lockFocus]+0x76
C  [AppKit+0xe1f45]  -[NSView _recursiveDisplayRectIfNeededIgnoringOpacity:isVisibleRect:rectIsVisibleRectForView:topView:]+0x740
C  [AppKit+0xe2fa0]  -[NSView _recursiveDisplayRectIfNeededIgnoringOpacity:isVisibleRect:rectIsVisibleRectForView:topView:]+0x179b
C  [AppKit+0xe12f3]  -[NSThemeFrame _recursiveDisplayRectIfNeededIgnoringOpacity:isVisibleRect:rectIsVisibleRectForView:topView:]+0x14d
C  [AppKit+0xdd68b]  -[NSView _displayRectIgnoringOpacity:isVisibleRect:rectIsVisibleRectForView:]+0xac9
C  [AppKit+0x951ae]  -[NSView displayIfNeeded]+0x754
C  [AppKit+0x94a09]  -[NSWindow displayIfNeeded]+0xec
C  [AppKit+0x94672]  _handleWindowNeedsDisplayOrLayoutOrUpdateConstraints+0x3a8
C  [Foundation+0x4ba23]  __NSFireTimer+0x5f
C  [CoreFoundation+0xb72e4]  __CFRUNLOOP_IS_CALLING_OUT_TO_A_TIMER_CALLBACK_FUNCTION__+0x14
C  [CoreFoundation+0xb6f73]  __CFRunLoopDoTimer+0x423
C  [CoreFoundation+0x12a53d]  __CFRunLoopDoTimers+0x12d
C  [CoreFoundation+0x72608]  __CFRunLoopRun+0x7e8
C  [CoreFoundation+0x71bd8]  CFRunLoopRunSpecific+0x128
C  [HIToolbox+0x3256f]  RunCurrentEventLoopInMode+0xeb
C  [HIToolbox+0x322ea]  ReceiveNextEventCommon+0x1af
C  [HIToolbox+0x3212b]  _BlockUntilNextEventMatchingListInModeWithFilter+0x47
C  [AppKit+0x918ab]  _DPSNextEvent+0x3d2
C  [AppKit+0x90e58]  -[NSApplication nextEventMatchingMask:untilDate:inMode:dequeue:]+0x15a
C  [libosxapp.dylib+0x23aa]  -[NSApplicationAWT nextEventMatchingMask:untilDate:inMode:dequeue:]+0x7c
C  [AppKit+0x86af3]  -[NSApplication run]+0x252
C  [libosxapp.dylib+0x214d]  +[NSApplicationAWT runAWTLoopWithApp:]+0x9c
C  [libawt_lwawt.dylib+0x44517]  -[AWTStarter starter:]+0x389
C  [Foundation+0x92dd0]  __NSThreadPerformPerform+0x125
C  [CoreFoundation+0x80a01]  __CFRUNLOOP_IS_CALLING_OUT_TO_A_SOURCE0_PERFORM_FUNCTION__+0x11
C  [CoreFoundation+0x72b8d]  __CFRunLoopDoSources0+0x10d
C  [CoreFoundation+0x721bf]  __CFRunLoopRun+0x39f
C  [CoreFoundation+0x71bd8]  CFRunLoopRunSpecific+0x128
C  [java+0x6463]  CreateExecutionEnvironment+0x367
C  [java+0x21ac]  JLI_Launch+0x7a0
C  [java+0x84c0]  main+0x65
C  [java+0x1a04]  start+0x34
C  0x0000000000000007


---------------  P R O C E S S  ---------------

Java Threads: ( => current thread )
  0x00007fcc3e004000 JavaThread "AWT-Shutdown" [_thread_blocked, id=41847, stack(0x0000000124ee4000,0x0000000124fe4000)]
  0x00007fcc3a908000 JavaThread "Java2D Queue Flusher" daemon [_thread_blocked, id=61191, stack(0x0000000125574000,0x0000000125674000)]
  0x00007fcc3b322000 JavaThread "Java2D Disposer" daemon [_thread_blocked, id=55835, stack(0x0000000125444000,0x0000000125544000)]
=>0x00007fcc39828000 JavaThread "AppKit Thread" daemon [_thread_in_native, id=1811, stack(0x00007fff5be8a000,0x00007fff5c68a000)]
  0x00007fcc3c046800 JavaThread "Service Thread" daemon [_thread_blocked, id=22275, stack(0x000000011ea07000,0x000000011eb07000)]
  0x00007fcc3b054800 JavaThread "C1 CompilerThread3" daemon [_thread_blocked, id=21763, stack(0x000000011e904000,0x000000011ea04000)]
  0x00007fcc3b056000 JavaThread "C2 CompilerThread2" daemon [_thread_blocked, id=21251, stack(0x000000011e801000,0x000000011e901000)]
  0x00007fcc3c023800 JavaThread "C2 CompilerThread1" daemon [_thread_blocked, id=20739, stack(0x000000011e6fe000,0x000000011e7fe000)]
  0x00007fcc3c022000 JavaThread "C2 CompilerThread0" daemon [_thread_blocked, id=20227, stack(0x000000011e5fb000,0x000000011e6fb000)]
  0x00007fcc3b053000 JavaThread "JDWP Command Reader" daemon [_thread_in_native, id=19715, stack(0x000000011e4f8000,0x000000011e5f8000)]
  0x00007fcc39833000 JavaThread "JDWP Event Helper Thread" daemon [_thread_blocked, id=19203, stack(0x000000011e3f5000,0x000000011e4f5000)]
  0x00007fcc3b054000 JavaThread "JDWP Transport Listener: dt_socket" daemon [_thread_blocked, id=18691, stack(0x000000011e2f2000,0x000000011e3f2000)]
  0x00007fcc3b03b000 JavaThread "Signal Dispatcher" daemon [_thread_blocked, id=15383, stack(0x000000011e1e8000,0x000000011e2e8000)]
  0x00007fcc3b036800 JavaThread "Finalizer" daemon [_thread_blocked, id=13571, stack(0x000000011c7d5000,0x000000011c8d5000)]
  0x00007fcc3b035800 JavaThread "Reference Handler" daemon [_thread_blocked, id=13059, stack(0x000000011c6d2000,0x000000011c7d2000)]
  0x00007fcc39805800 JavaThread "main" [_thread_in_native, id=4867, stack(0x000000010368d000,0x000000010378d000)]

Other Threads:
  0x00007fcc3b033000 VMThread [stack: 0x000000011c5cf000,0x000000011c6cf000] [id=12547]
  0x00007fcc39834000 WatcherThread [stack: 0x000000011eb0a000,0x000000011ec0a000] [id=22787]

VM state:not at safepoint (normal execution)

VM Mutex/Monitor currently owned by a thread: None

Heap:
 PSYoungGen      total 36352K, used 5715K [0x0000000795580000, 0x0000000797e00000, 0x00000007c0000000)
  eden space 32256K, 8% used [0x0000000795580000,0x000000079581eac8,0x0000000797500000)
  from space 4096K, 74% used [0x0000000797a00000,0x0000000797cf6158,0x0000000797e00000)
  to   space 4608K, 0% used [0x0000000797500000,0x0000000797500000,0x0000000797980000)
 ParOldGen       total 87552K, used 56K [0x0000000740000000, 0x0000000745580000, 0x0000000795580000)
  object space 87552K, 0% used [0x0000000740000000,0x000000074000e000,0x0000000745580000)
 Metaspace       used 9953K, capacity 10155K, committed 10368K, reserved 1058816K
  class space    used 1023K, capacity 1088K, committed 1152K, reserved 1048576K

Card table byte_map: [0x0000000114b94000,0x0000000114f95000] byte_map_base: 0x0000000111194000

Marking Bits: (ParMarkBitMap*) 0x00000001050dee20
 Begin Bits: [0x0000000115a58000, 0x0000000117a58000)
 End Bits:   [0x0000000117a58000, 0x0000000119a58000)

Polling page: 0x00000001037d2000

CodeCache: size=245760Kb used=5070Kb max_used=5084Kb free=240689Kb
 bounds [0x00000001057d4000, 0x0000000105cd4000, 0x00000001147d4000]
 total_blobs=1742 nmethods=1239 adapters=425
 compilation: enabled

Compilation events (10 events):
Event: 36.995 Thread 0x00007fcc3b056000 nmethod 1241 0x0000000105cad290 code [0x0000000105cad400, 0x0000000105cad6b8]
Event: 37.009 Thread 0x00007fcc3c022000 nmethod 1240 0x0000000105cced90 code [0x0000000105ccef60, 0x0000000105ccfe18]
Event: 37.609 Thread 0x00007fcc3c023800 1242       4       mainPackage.mainClasses.gameStatePackage.MainState::drawCards (53 bytes)
Event: 37.615 Thread 0x00007fcc3c023800 nmethod 1242 0x0000000105cbd310 code [0x0000000105cbd4e0, 0x0000000105cbd9e8]
Event: 37.832 Thread 0x00007fcc3b056000 1243  s!   4       java.io.FileDescriptor::closeAll (215 bytes)
Event: 37.832 Thread 0x00007fcc3c022000 1244   !   4       java.io.FileInputStream::close (62 bytes)
Event: 37.832 Thread 0x00007fcc3c023800 1245       4       java.io.FileInputStream::finalize (22 bytes)
Event: 37.835 Thread 0x00007fcc3b056000 nmethod 1243 0x0000000105caecd0 code [0x0000000105caee40, 0x0000000105caf368]
Event: 37.837 Thread 0x00007fcc3c022000 nmethod 1244 0x0000000105cd0850 code [0x0000000105cd09e0, 0x0000000105cd1208]
Event: 37.838 Thread 0x00007fcc3c023800 nmethod 1245 0x0000000105cd15d0 code [0x0000000105cd1760, 0x0000000105cd2028]

GC Heap History (10 events):
Event: 8.092 GC heap before
{Heap before GC invocations=2 (full 0):
 PSYoungGen      total 38400K, used 37658K [0x0000000795580000, 0x0000000798000000, 0x00000007c0000000)
  eden space 33280K, 100% used [0x0000000795580000,0x0000000797600000,0x0000000797600000)
  from space 5120K, 85% used [0x0000000797600000,0x0000000797a46848,0x0000000797b00000)
  to   space 5120K, 0% used [0x0000000797b00000,0x0000000797b00000,0x0000000798000000)
 ParOldGen       total 87552K, used 16K [0x0000000740000000, 0x0000000745580000, 0x0000000795580000)
  object space 87552K, 0% used [0x0000000740000000,0x0000000740004000,0x0000000745580000)
 Metaspace       used 9844K, capacity 10027K, committed 10112K, reserved 1058816K
  class space    used 1022K, capacity 1088K, committed 1152K, reserved 1048576K
Event: 8.097 GC heap after
Heap after GC invocations=2 (full 0):
 PSYoungGen      total 38400K, used 2968K [0x0000000795580000, 0x0000000798000000, 0x00000007c0000000)
  eden space 33280K, 0% used [0x0000000795580000,0x0000000795580000,0x0000000797600000)
  from space 5120K, 57% used [0x0000000797b00000,0x0000000797de6158,0x0000000798000000)
  to   space 5120K, 0% used [0x0000000797600000,0x0000000797600000,0x0000000797b00000)
 ParOldGen       total 87552K, used 24K [0x0000000740000000, 0x0000000745580000, 0x0000000795580000)
  object space 87552K, 0% used [0x0000000740000000,0x0000000740006000,0x0000000745580000)
 Metaspace       used 9844K, capacity 10027K, committed 10112K, reserved 1058816K
  class space    used 1022K, capacity 1088K, committed 1152K, reserved 1048576K
}
Event: 15.524 GC heap before
{Heap before GC invocations=3 (full 0):
 PSYoungGen      total 38400K, used 36248K [0x0000000795580000, 0x0000000798000000, 0x00000007c0000000)
  eden space 33280K, 100% used [0x0000000795580000,0x0000000797600000,0x0000000797600000)
  from space 5120K, 57% used [0x0000000797b00000,0x0000000797de6158,0x0000000798000000)
  to   space 5120K, 0% used [0x0000000797600000,0x0000000797600000,0x0000000797b00000)
 ParOldGen       total 87552K, used 24K [0x0000000740000000, 0x0000000745580000, 0x0000000795580000)
  object space 87552K, 0% used [0x0000000740000000,0x0000000740006000,0x0000000745580000)
 Metaspace       used 9924K, capacity 10091K, committed 10368K, reserved 1058816K
  class space    used 1022K, capacity 1088K, committed 1152K, reserved 1048576K
Event: 15.528 GC heap after
Heap after GC invocations=3 (full 0):
 PSYoungGen      total 38400K, used 3112K [0x0000000795580000, 0x0000000798000000, 0x00000007c0000000)
  eden space 33280K, 0% used [0x0000000795580000,0x0000000795580000,0x0000000797600000)
  from space 5120K, 60% used [0x0000000797600000,0x000000079790a148,0x0000000797b00000)
  to   space 5120K, 0% used [0x0000000797b00000,0x0000000797b00000,0x0000000798000000)
 ParOldGen       total 87552K, used 32K [0x0000000740000000, 0x0000000745580000, 0x0000000795580000)
  object space 87552K, 0% used [0x0000000740000000,0x0000000740008000,0x0000000745580000)
 Metaspace       used 9924K, capacity 10091K, committed 10368K, reserved 1058816K
  class space    used 1022K, capacity 1088K, committed 1152K, reserved 1048576K
}
Event: 22.991 GC heap before
{Heap before GC invocations=4 (full 0):
 PSYoungGen      total 38400K, used 36392K [0x0000000795580000, 0x0000000798000000, 0x00000007c0000000)
  eden space 33280K, 100% used [0x0000000795580000,0x0000000797600000,0x0000000797600000)
  from space 5120K, 60% used [0x0000000797600000,0x000000079790a148,0x0000000797b00000)
  to   space 5120K, 0% used [0x0000000797b00000,0x0000000797b00000,0x0000000798000000)
 ParOldGen       total 87552K, used 32K [0x0000000740000000, 0x0000000745580000, 0x0000000795580000)
  object space 87552K, 0% used [0x0000000740000000,0x0000000740008000,0x0000000745580000)
 Metaspace       used 9935K, capacity 10155K, committed 10368K, reserved 1058816K
  class space    used 1022K, capacity 1088K, committed 1152K, reserved 1048576K
Event: 22.996 GC heap after
Heap after GC invocations=4 (full 0):
 PSYoungGen      total 38400K, used 3058K [0x0000000795580000, 0x0000000798000000, 0x00000007c0000000)
  eden space 33280K, 0% used [0x0000000795580000,0x0000000795580000,0x0000000797600000)
  from space 5120K, 59% used [0x0000000797b00000,0x0000000797dfc8f0,0x0000000798000000)
  to   space 5120K, 0% used [0x0000000797600000,0x0000000797600000,0x0000000797b00000)
 ParOldGen       total 87552K, used 40K [0x0000000740000000, 0x0000000745580000, 0x0000000795580000)
  object space 87552K, 0% used [0x0000000740000000,0x000000074000a000,0x0000000745580000)
 Metaspace       used 9935K, capacity 10155K, committed 10368K, reserved 1058816K
  class space    used 1022K, capacity 1088K, committed 1152K, reserved 1048576K
}
Event: 30.476 GC heap before
{Heap before GC invocations=5 (full 0):
 PSYoungGen      total 38400K, used 36338K [0x0000000795580000, 0x0000000798000000, 0x00000007c0000000)
  eden space 33280K, 100% used [0x0000000795580000,0x0000000797600000,0x0000000797600000)
  from space 5120K, 59% used [0x0000000797b00000,0x0000000797dfc8f0,0x0000000798000000)
  to   space 5120K, 0% used [0x0000000797600000,0x0000000797600000,0x0000000797b00000)
 ParOldGen       total 87552K, used 40K [0x0000000740000000, 0x0000000745580000, 0x0000000795580000)
  object space 87552K, 0% used [0x0000000740000000,0x000000074000a000,0x0000000745580000)
 Metaspace       used 9941K, capacity 10155K, committed 10368K, reserved 1058816K
  class space    used 1022K, capacity 1088K, committed 1152K, reserved 1048576K
Event: 30.481 GC heap after
Heap after GC invocations=5 (full 0):
 PSYoungGen      total 36352K, used 3110K [0x0000000795580000, 0x0000000797e80000, 0x00000007c0000000)
  eden space 32768K, 0% used [0x0000000795580000,0x0000000795580000,0x0000000797580000)
  from space 3584K, 86% used [0x0000000797600000,0x0000000797909868,0x0000000797980000)
  to   space 4608K, 0% used [0x0000000797a00000,0x0000000797a00000,0x0000000797e80000)
 ParOldGen       total 87552K, used 48K [0x0000000740000000, 0x0000000745580000, 0x0000000795580000)
  object space 87552K, 0% used [0x0000000740000000,0x000000074000c000,0x0000000745580000)
 Metaspace       used 9941K, capacity 10155K, committed 10368K, reserved 1058816K
  class space    used 1022K, capacity 1088K, committed 1152K, reserved 1048576K
}
Event: 37.826 GC heap before
{Heap before GC invocations=6 (full 0):
 PSYoungGen      total 36352K, used 35878K [0x0000000795580000, 0x0000000797e80000, 0x00000007c0000000)
  eden space 32768K, 100% used [0x0000000795580000,0x0000000797580000,0x0000000797580000)
  from space 3584K, 86% used [0x0000000797600000,0x0000000797909868,0x0000000797980000)
  to   space 4608K, 0% used [0x0000000797a00000,0x0000000797a00000,0x0000000797e80000)
 ParOldGen       total 87552K, used 48K [0x0000000740000000, 0x0000000745580000, 0x0000000795580000)
  object space 87552K, 0% used [0x0000000740000000,0x000000074000c000,0x0000000745580000)
 Metaspace       used 9947K, capacity 10155K, committed 10368K, reserved 1058816K
  class space    used 1022K, capacity 1088K, committed 1152K, reserved 1048576K
Event: 37.831 GC heap after
Heap after GC invocations=6 (full 0):
 PSYoungGen      total 36352K, used 3032K [0x0000000795580000, 0x0000000797e00000, 0x00000007c0000000)
  eden space 32256K, 0% used [0x0000000795580000,0x0000000795580000,0x0000000797500000)
  from space 4096K, 74% used [0x0000000797a00000,0x0000000797cf6158,0x0000000797e00000)
  to   space 4608K, 0% used [0x0000000797500000,0x0000000797500000,0x0000000797980000)
 ParOldGen       total 87552K, used 56K [0x0000000740000000, 0x0000000745580000, 0x0000000795580000)
  object space 87552K, 0% used [0x0000000740000000,0x000000074000e000,0x0000000745580000)
 Metaspace       used 9947K, capacity 10155K, committed 10368K, reserved 1058816K
  class space    used 1022K, capacity 1088K, committed 1152K, reserved 1048576K
}

Deoptimization events (8 events):
Event: 0.452 Thread 0x00007fcc39805800 Uncommon trap: reason=unstable_if action=reinterpret pc=0x000000010591485c method=java.lang.String.indexOf(II)I @ 49
Event: 0.956 Thread 0x00007fcc39805800 Uncommon trap: reason=unstable_if action=reinterpret pc=0x000000010597abb4 method=java.lang.String.replace(CC)Ljava/lang/String; @ 26
Event: 1.491 Thread 0x00007fcc39805800 Uncommon trap: reason=unstable_if action=reinterpret pc=0x000000010598a7ac method=java.lang.String.indexOf([CII[CIII)I @ 3
Event: 1.498 Thread 0x00007fcc39805800 Uncommon trap: reason=class_check action=maybe_recompile pc=0x0000000105a299c0 method=java.util.HashMap.putVal(ILjava/lang/Object;Ljava/lang/Object;ZZ)Ljava/lang/Object; @ 253
Event: 1.498 Thread 0x00007fcc39805800 Uncommon trap: reason=class_check action=maybe_recompile pc=0x0000000105a299c0 method=java.util.HashMap.putVal(ILjava/lang/Object;Ljava/lang/Object;ZZ)Ljava/lang/Object; @ 253
Event: 1.498 Thread 0x00007fcc39805800 Uncommon trap: reason=class_check action=maybe_recompile pc=0x0000000105a299c0 method=java.util.HashMap.putVal(ILjava/lang/Object;Ljava/lang/Object;ZZ)Ljava/lang/Object; @ 253
Event: 1.498 Thread 0x00007fcc39805800 Uncommon trap: reason=class_check action=maybe_recompile pc=0x0000000105a299c0 method=java.util.HashMap.putVal(ILjava/lang/Object;Ljava/lang/Object;ZZ)Ljava/lang/Object; @ 253
Event: 1.628 Thread 0x00007fcc39805800 Uncommon trap: reason=unstable_if action=reinterpret pc=0x0000000105a72108 method=sun.awt.image.ByteInterleavedRaster.getDataElements(IILjava/lang/Object;)Ljava/lang/Object; @ 43

Internal exceptions (10 events):
Event: 0.367 Thread 0x00007fcc39805800 Exception <a 'java/security/PrivilegedActionException'> (0x000000079582de08) thrown at [/Users/java_re/workspace/8-2-build-macosx-x86_64/jdk8u65/4987/hotspot/src/share/vm/prims/jvm.cpp, line 1386]
Event: 0.419 Thread 0x00007fcc39805800 Exception <a 'java/security/PrivilegedActionException'> (0x0000000795966b18) thrown at [/Users/java_re/workspace/8-2-build-macosx-x86_64/jdk8u65/4987/hotspot/src/share/vm/prims/jvm.cpp, line 1386]
Event: 0.419 Thread 0x00007fcc39805800 Exception <a 'java/security/PrivilegedActionException'> (0x0000000795966d28) thrown at [/Users/java_re/workspace/8-2-build-macosx-x86_64/jdk8u65/4987/hotspot/src/share/vm/prims/jvm.cpp, line 1386]
Event: 0.419 Thread 0x00007fcc39805800 Exception <a 'java/security/PrivilegedActionException'> (0x000000079596a1b0) thrown at [/Users/java_re/workspace/8-2-build-macosx-x86_64/jdk8u65/4987/hotspot/src/share/vm/prims/jvm.cpp, line 1386]
Event: 0.419 Thread 0x00007fcc39805800 Exception <a 'java/security/PrivilegedActionException'> (0x000000079596a3c0) thrown at [/Users/java_re/workspace/8-2-build-macosx-x86_64/jdk8u65/4987/hotspot/src/share/vm/prims/jvm.cpp, line 1386]
Event: 0.485 Thread 0x00007fcc39805800 Exception <a 'java/lang/NoSuchFieldError': method resolution failed> (0x0000000795a39950) thrown at [/Users/java_re/workspace/8-2-build-macosx-x86_64/jdk8u65/4987/hotspot/src/share/vm/prims/methodHandles.cpp, line 1146]
Event: 0.493 Thread 0x00007fcc39805800 Exception <a 'java/lang/NoSuchFieldError': method resolution failed> (0x0000000795a470a0) thrown at [/Users/java_re/workspace/8-2-build-macosx-x86_64/jdk8u65/4987/hotspot/src/share/vm/prims/methodHandles.cpp, line 1146]
Event: 0.921 Thread 0x00007fcc39805800 Exception <a 'java/io/FileNotFoundException'> (0x0000000795ac2048) thrown at [/Users/java_re/workspace/8-2-build-macosx-x86_64/jdk8u65/4987/hotspot/src/share/vm/prims/jni.cpp, line 709]
Event: 0.921 Thread 0x00007fcc39805800 Exception <a 'java/io/FileNotFoundException'> (0x0000000795ac2bb0) thrown at [/Users/java_re/workspace/8-2-build-macosx-x86_64/jdk8u65/4987/hotspot/src/share/vm/prims/jni.cpp, line 709]
Event: 1.628 Thread 0x00007fcc39805800 Implicit null exception at 0x0000000105a71caa to 0x0000000105a720ed

Events (10 events):
Event: 37.835 Thread 0x00007fcc3b056000 flushing nmethod 0x00000001058d48d0
Event: 37.835 Thread 0x00007fcc3b056000 flushing nmethod 0x00000001058d4f90
Event: 37.835 Thread 0x00007fcc3b056000 flushing nmethod 0x00000001058d6f50
Event: 37.835 Thread 0x00007fcc3b056000 flushing nmethod 0x00000001058e1450
Event: 38.113 Thread 0x00007fcc3e004000 Thread added: 0x00007fcc3e004000
Event: 38.313 loading class org/lwjgl/opengl/CallbackUtil
Event: 38.313 loading class org/lwjgl/opengl/CallbackUtil done
Event: 38.314 Thread 0x00007fcc39805800 DEOPT PACKING pc=0x0000000105abf2f1 sp=0x000000010378aee0
Event: 38.314 Thread 0x00007fcc39805800 DEOPT UNPACKING pc=0x000000010581b633 sp=0x000000010378ac50 mode 1
Event: 38.314 Executing VM operation: RevokeBias


Dynamic libraries:
0x0000000009b6d000 	/System/Library/Frameworks/Cocoa.framework/Versions/A/Cocoa
0x0000000009b6d000 	/System/Library/Frameworks/Security.framework/Versions/A/Security
0x0000000009b6d000 	/System/Library/Frameworks/ApplicationServices.framework/Versions/A/ApplicationServices
0x0000000009b6d000 	/usr/lib/libz.1.dylib
0x0000000009b6d000 	/usr/lib/libSystem.B.dylib
0x0000000009b6d000 	/usr/lib/libobjc.A.dylib
0x0000000009b6d000 	/System/Library/Frameworks/CoreFoundation.framework/Versions/A/CoreFoundation
0x0000000009b6d000 	/System/Library/Frameworks/Foundation.framework/Versions/C/Foundation
0x0000000009b6d000 	/System/Library/Frameworks/AppKit.framework/Versions/C/AppKit
0x0000000009b6d000 	/System/Library/Frameworks/CoreData.framework/Versions/A/CoreData
0x0000000009b6d000 	/System/Library/PrivateFrameworks/RemoteViewServices.framework/Versions/A/RemoteViewServices
0x0000000009b6d000 	/System/Library/PrivateFrameworks/UIFoundation.framework/Versions/A/UIFoundation
0x0000000009b6d000 	/System/Library/Frameworks/IOSurface.framework/Versions/A/IOSurface
0x0000000009b6d000 	/System/Library/Frameworks/AudioToolbox.framework/Versions/A/AudioToolbox
0x0000000009b6d000 	/System/Library/Frameworks/AudioUnit.framework/Versions/A/AudioUnit
0x0000000009b6d000 	/System/Library/PrivateFrameworks/DataDetectorsCore.framework/Versions/A/DataDetectorsCore
0x0000000009b6d000 	/System/Library/PrivateFrameworks/DesktopServicesPriv.framework/Versions/A/DesktopServicesPriv
0x0000000009b6d000 	/System/Library/Frameworks/Carbon.framework/Versions/A/Frameworks/HIToolbox.framework/Versions/A/HIToolbox
0x0000000009b6d000 	/System/Library/Frameworks/QuartzCore.framework/Versions/A/QuartzCore
0x0000000009b6d000 	/System/Library/Frameworks/Carbon.framework/Versions/A/Frameworks/SpeechRecognition.framework/Versions/A/SpeechRecognition
0x0000000009b6d000 	/usr/lib/libauto.dylib
0x0000000009b6d000 	/usr/lib/libicucore.A.dylib
0x0000000009b6d000 	/usr/lib/libxml2.2.dylib
0x0000000009b6d000 	/System/Library/PrivateFrameworks/CoreUI.framework/Versions/A/CoreUI
0x0000000009b6d000 	/System/Library/Frameworks/CoreAudio.framework/Versions/A/CoreAudio
0x0000000009b6d000 	/System/Library/Frameworks/DiskArbitration.framework/Versions/A/DiskArbitration
0x0000000009b6d000 	/usr/lib/liblangid.dylib
0x0000000009b6d000 	/System/Library/PrivateFrameworks/MultitouchSupport.framework/Versions/A/MultitouchSupport
0x0000000009b6d000 	/System/Library/Frameworks/IOKit.framework/Versions/A/IOKit
0x0000000009b6d000 	/usr/lib/libDiagnosticMessagesClient.dylib
0x0000000009b6d000 	/System/Library/Frameworks/CoreServices.framework/Versions/A/CoreServices
0x0000000009b6d000 	/System/Library/PrivateFrameworks/PerformanceAnalysis.framework/Versions/A/PerformanceAnalysis
0x0000000009b6d000 	/System/Library/PrivateFrameworks/GenerationalStorage.framework/Versions/A/GenerationalStorage
0x0000000009b6d000 	/System/Library/Frameworks/OpenGL.framework/Versions/A/OpenGL
0x0000000009b6d000 	/System/Library/PrivateFrameworks/Sharing.framework/Versions/A/Sharing
0x0000000009b6d000 	/System/Library/Frameworks/CoreGraphics.framework/Versions/A/CoreGraphics
0x0000000009b6d000 	/System/Library/Frameworks/CoreText.framework/Versions/A/CoreText
0x0000000009b6d000 	/System/Library/Frameworks/ImageIO.framework/Versions/A/ImageIO
0x0000000009b6d000 	/usr/lib/libextension.dylib
0x0000000009b6d000 	/System/Library/PrivateFrameworks/Backup.framework/Versions/A/Backup
0x0000000009b6d000 	/usr/lib/libarchive.2.dylib
0x0000000009b6d000 	/System/Library/Frameworks/CFNetwork.framework/Versions/A/CFNetwork
0x0000000009b6d000 	/System/Library/Frameworks/SystemConfiguration.framework/Versions/A/SystemConfiguration
0x0000000009b6d000 	/usr/lib/libCRFSuite.dylib
0x0000000009b6d000 	/usr/lib/libc++.1.dylib
0x0000000009b6d000 	/usr/lib/libc++abi.dylib
0x0000000009b6d000 	/usr/lib/system/libcache.dylib
0x0000000009b6d000 	/usr/lib/system/libcommonCrypto.dylib
0x0000000009b6d000 	/usr/lib/system/libcompiler_rt.dylib
0x0000000009b6d000 	/usr/lib/system/libcopyfile.dylib
0x0000000009b6d000 	/usr/lib/system/libcorecrypto.dylib
0x0000000009b6d000 	/usr/lib/system/libdispatch.dylib
0x0000000009b6d000 	/usr/lib/system/libdyld.dylib
0x0000000009b6d000 	/usr/lib/system/libkeymgr.dylib
0x0000000009b6d000 	/usr/lib/system/liblaunch.dylib
0x0000000009b6d000 	/usr/lib/system/libmacho.dylib
0x0000000009b6d000 	/usr/lib/system/libquarantine.dylib
0x0000000009b6d000 	/usr/lib/system/libremovefile.dylib
0x0000000009b6d000 	/usr/lib/system/libsystem_asl.dylib
0x0000000009b6d000 	/usr/lib/system/libsystem_blocks.dylib
0x0000000009b6d000 	/usr/lib/system/libsystem_c.dylib
0x0000000009b6d000 	/usr/lib/system/libsystem_configuration.dylib
0x0000000009b6d000 	/usr/lib/system/libsystem_coreservices.dylib
0x0000000009b6d000 	/usr/lib/system/libsystem_coretls.dylib
0x0000000009b6d000 	/usr/lib/system/libsystem_dnssd.dylib
0x0000000009b6d000 	/usr/lib/system/libsystem_info.dylib
0x0000000009b6d000 	/usr/lib/system/libsystem_kernel.dylib
0x0000000009b6d000 	/usr/lib/system/libsystem_m.dylib
0x0000000009b6d000 	/usr/lib/system/libsystem_malloc.dylib
0x0000000009b6d000 	/usr/lib/system/libsystem_network.dylib
0x0000000009b6d000 	/usr/lib/system/libsystem_networkextension.dylib
0x0000000009b6d000 	/usr/lib/system/libsystem_notify.dylib
0x0000000009b6d000 	/usr/lib/system/libsystem_platform.dylib
0x0000000009b6d000 	/usr/lib/system/libsystem_pthread.dylib
0x0000000009b6d000 	/usr/lib/system/libsystem_sandbox.dylib
0x0000000009b6d000 	/usr/lib/system/libsystem_secinit.dylib
0x0000000009b6d000 	/usr/lib/system/libsystem_stats.dylib
0x0000000009b6d000 	/usr/lib/system/libsystem_trace.dylib
0x0000000009b6d000 	/usr/lib/system/libunc.dylib
0x0000000009b6d000 	/usr/lib/system/libunwind.dylib
0x0000000009b6d000 	/usr/lib/system/libxpc.dylib
0x0000000009b6d000 	/usr/lib/libbz2.1.0.dylib
0x0000000009b6d000 	/usr/lib/liblzma.5.dylib
0x0000000009b6d000 	/usr/lib/libbsm.0.dylib
0x0000000009b6d000 	/usr/lib/libsqlite3.dylib
0x0000000009b6d000 	/usr/lib/system/libkxld.dylib
0x0000000009b6d000 	/usr/lib/libxar.1.dylib
0x0000000009b6d000 	/usr/lib/libpam.2.dylib
0x0000000009b6d000 	/usr/lib/libOpenScriptingUtil.dylib
0x0000000009b6d000 	/System/Library/Frameworks/CoreServices.framework/Versions/A/Frameworks/FSEvents.framework/Versions/A/FSEvents
0x0000000009b6d000 	/System/Library/Frameworks/CoreServices.framework/Versions/A/Frameworks/CarbonCore.framework/Versions/A/CarbonCore
0x0000000009b6d000 	/System/Library/Frameworks/CoreServices.framework/Versions/A/Frameworks/Metadata.framework/Versions/A/Metadata
0x0000000009b6d000 	/System/Library/Frameworks/CoreServices.framework/Versions/A/Frameworks/OSServices.framework/Versions/A/OSServices
0x0000000009b6d000 	/System/Library/Frameworks/CoreServices.framework/Versions/A/Frameworks/SearchKit.framework/Versions/A/SearchKit
0x0000000009b6d000 	/System/Library/Frameworks/CoreServices.framework/Versions/A/Frameworks/AE.framework/Versions/A/AE
0x0000000009b6d000 	/System/Library/Frameworks/CoreServices.framework/Versions/A/Frameworks/LaunchServices.framework/Versions/A/LaunchServices
0x0000000009b6d000 	/System/Library/Frameworks/CoreServices.framework/Versions/A/Frameworks/DictionaryServices.framework/Versions/A/DictionaryServices
0x0000000009b6d000 	/System/Library/Frameworks/NetFS.framework/Versions/A/NetFS
0x0000000009b6d000 	/System/Library/PrivateFrameworks/NetAuth.framework/Versions/A/NetAuth
0x0000000009b6d000 	/System/Library/PrivateFrameworks/login.framework/Versions/A/Frameworks/loginsupport.framework/Versions/A/loginsupport
0x0000000009b6d000 	/System/Library/PrivateFrameworks/TCC.framework/Versions/A/TCC
0x0000000009b6d000 	/usr/lib/libmecabra.dylib
0x0000000009b6d000 	/System/Library/Frameworks/ApplicationServices.framework/Versions/A/Frameworks/ATS.framework/Versions/A/ATS
0x0000000009b6d000 	/System/Library/Frameworks/ApplicationServices.framework/Versions/A/Frameworks/ColorSync.framework/Versions/A/ColorSync
0x0000000009b6d000 	/System/Library/Frameworks/ApplicationServices.framework/Versions/A/Frameworks/HIServices.framework/Versions/A/HIServices
0x0000000009b6d000 	/System/Library/Frameworks/ApplicationServices.framework/Versions/A/Frameworks/LangAnalysis.framework/Versions/A/LangAnalysis
0x0000000009b6d000 	/System/Library/Frameworks/ApplicationServices.framework/Versions/A/Frameworks/PrintCore.framework/Versions/A/PrintCore
0x0000000009b6d000 	/System/Library/Frameworks/ApplicationServices.framework/Versions/A/Frameworks/QD.framework/Versions/A/QD
0x0000000009b6d000 	/System/Library/Frameworks/ApplicationServices.framework/Versions/A/Frameworks/SpeechSynthesis.framework/Versions/A/SpeechSynthesis
0x0000000009b6d000 	/System/Library/Frameworks/Accelerate.framework/Versions/A/Accelerate
0x0000000009b6d000 	/System/Library/Frameworks/Accelerate.framework/Versions/A/Frameworks/vImage.framework/Versions/A/vImage
0x0000000009b6d000 	/System/Library/Frameworks/Accelerate.framework/Versions/A/Frameworks/vecLib.framework/Versions/A/vecLib
0x0000000009b6d000 	/System/Library/Frameworks/Accelerate.framework/Versions/A/Frameworks/vecLib.framework/Versions/A/libvDSP.dylib
0x0000000009b6d000 	/System/Library/Frameworks/Accelerate.framework/Versions/A/Frameworks/vecLib.framework/Versions/A/libvMisc.dylib
0x0000000009b6d000 	/System/Library/Frameworks/Accelerate.framework/Versions/A/Frameworks/vecLib.framework/Versions/A/libLAPACK.dylib
0x0000000009b6d000 	/System/Library/Frameworks/Accelerate.framework/Versions/A/Frameworks/vecLib.framework/Versions/A/libBLAS.dylib
0x0000000009b6d000 	/System/Library/Frameworks/Accelerate.framework/Versions/A/Frameworks/vecLib.framework/Versions/A/libLinearAlgebra.dylib
0x0000000009b6d000 	/System/Library/Frameworks/ApplicationServices.framework/Versions/A/Frameworks/ATS.framework/Versions/A/Resources/libFontParser.dylib
0x0000000009b6d000 	/System/Library/Frameworks/ApplicationServices.framework/Versions/A/Frameworks/ATS.framework/Versions/A/Resources/libFontRegistry.dylib
0x0000000009b6d000 	/System/Library/PrivateFrameworks/AppleVPA.framework/Versions/A/AppleVPA
0x0000000009b6d000 	/System/Library/PrivateFrameworks/AppleJPEG.framework/Versions/A/AppleJPEG
0x0000000009b6d000 	/System/Library/Frameworks/ImageIO.framework/Versions/A/Resources/libJPEG.dylib
0x0000000009b6d000 	/System/Library/Frameworks/ImageIO.framework/Versions/A/Resources/libTIFF.dylib
0x0000000009b6d000 	/System/Library/Frameworks/ImageIO.framework/Versions/A/Resources/libPng.dylib
0x0000000009b6d000 	/System/Library/Frameworks/ImageIO.framework/Versions/A/Resources/libGIF.dylib
0x0000000009b6d000 	/System/Library/Frameworks/ImageIO.framework/Versions/A/Resources/libJP2.dylib
0x0000000009b6d000 	/System/Library/Frameworks/ImageIO.framework/Versions/A/Resources/libRadiance.dylib
0x0000000009b6d000 	/System/Library/Frameworks/CoreVideo.framework/Versions/A/CoreVideo
0x0000000009b6d000 	/System/Library/Frameworks/OpenGL.framework/Versions/A/Libraries/libGLU.dylib
0x0000000009b6d000 	/System/Library/Frameworks/OpenGL.framework/Versions/A/Libraries/libGFXShared.dylib
0x0000000009b6d000 	/System/Library/Frameworks/OpenGL.framework/Versions/A/Libraries/libGL.dylib
0x0000000009b6d000 	/System/Library/Frameworks/OpenGL.framework/Versions/A/Libraries/libGLImage.dylib
0x0000000009b6d000 	/System/Library/Frameworks/OpenGL.framework/Versions/A/Libraries/libCVMSPluginSupport.dylib
0x0000000009b6d000 	/System/Library/Frameworks/OpenGL.framework/Versions/A/Libraries/libCoreVMClient.dylib
0x0000000009b6d000 	/usr/lib/libcups.2.dylib
0x0000000009b6d000 	/System/Library/Frameworks/Kerberos.framework/Versions/A/Kerberos
0x0000000009b6d000 	/System/Library/Frameworks/GSS.framework/Versions/A/GSS
0x0000000009b6d000 	/usr/lib/libresolv.9.dylib
0x0000000009b6d000 	/usr/lib/libiconv.2.dylib
0x0000000009b6d000 	/System/Library/PrivateFrameworks/Heimdal.framework/Versions/A/Heimdal
0x0000000009b6d000 	/usr/lib/libheimdal-asn1.dylib
0x0000000009b6d000 	/System/Library/Frameworks/OpenDirectory.framework/Versions/A/OpenDirectory
0x0000000009b6d000 	/System/Library/PrivateFrameworks/CommonAuth.framework/Versions/A/CommonAuth
0x0000000009b6d000 	/System/Library/Frameworks/OpenDirectory.framework/Versions/A/Frameworks/CFOpenDirectory.framework/Versions/A/CFOpenDirectory
0x0000000009b6d000 	/System/Library/Frameworks/SecurityFoundation.framework/Versions/A/SecurityFoundation
0x0000000009b6d000 	/System/Library/PrivateFrameworks/LanguageModeling.framework/Versions/A/LanguageModeling
0x0000000009b6d000 	/usr/lib/libcmph.dylib
0x0000000009b6d000 	/System/Library/Frameworks/ServiceManagement.framework/Versions/A/ServiceManagement
0x0000000009b6d000 	/usr/lib/libxslt.1.dylib
0x0000000009b6d000 	/System/Library/Frameworks/Carbon.framework/Versions/A/Frameworks/Ink.framework/Versions/A/Ink
0x0000000009b6d000 	/System/Library/Frameworks/QuartzCore.framework/Versions/A/Frameworks/CoreImage.framework/Versions/A/CoreImage
0x0000000009b6d000 	/System/Library/PrivateFrameworks/CrashReporterSupport.framework/Versions/A/CrashReporterSupport
0x0000000009b6d000 	/System/Library/Frameworks/OpenCL.framework/Versions/A/OpenCL
0x0000000009b6d000 	/System/Library/PrivateFrameworks/FaceCore.framework/Versions/A/FaceCore
0x0000000009b6d000 	/System/Library/PrivateFrameworks/Ubiquity.framework/Versions/A/Ubiquity
0x0000000009b6d000 	/System/Library/PrivateFrameworks/IconServices.framework/Versions/A/IconServices
0x0000000009b6d000 	/System/Library/PrivateFrameworks/ChunkingLibrary.framework/Versions/A/ChunkingLibrary
0x0000000009b6d000 	/System/Library/PrivateFrameworks/Apple80211.framework/Versions/A/Apple80211
0x0000000009b6d000 	/System/Library/Frameworks/CoreWLAN.framework/Versions/A/CoreWLAN
0x0000000009b6d000 	/System/Library/Frameworks/IOBluetooth.framework/Versions/A/IOBluetooth
0x0000000009b6d000 	/System/Library/PrivateFrameworks/CoreWiFi.framework/Versions/A/CoreWiFi
0x0000000009b6d000 	/System/Library/Frameworks/CoreBluetooth.framework/Versions/A/CoreBluetooth
0x0000000009b6d000 	/System/Library/PrivateFrameworks/DebugSymbols.framework/Versions/A/DebugSymbols
0x0000000009b6d000 	/System/Library/PrivateFrameworks/CoreSymbolication.framework/Versions/A/CoreSymbolication
0x0000000009b6d000 	/System/Library/PrivateFrameworks/Symbolication.framework/Versions/A/Symbolication
0x0000000009b6d000 	/System/Library/PrivateFrameworks/SpeechRecognitionCore.framework/Versions/A/SpeechRecognitionCore
0x0000000104800000 	/Library/Java/JavaVirtualMachines/jdk1.8.0_65.jdk/Contents/Home/jre/lib/server/libjvm.dylib
0x0000000009b6d000 	/usr/lib/libstdc++.6.dylib
0x000000010378f000 	/Library/Java/JavaVirtualMachines/jdk1.8.0_65.jdk/Contents/Home/jre/lib/libverify.dylib
0x000000010379d000 	/Library/Java/JavaVirtualMachines/jdk1.8.0_65.jdk/Contents/Home/jre/lib/libjava.dylib
0x0000000105789000 	/Library/Java/JavaVirtualMachines/jdk1.8.0_65.jdk/Contents/Home/jre/lib/libjdwp.dylib
0x00000001037d3000 	/Library/Java/JavaVirtualMachines/jdk1.8.0_65.jdk/Contents/Home/jre/lib/libnpt.dylib
0x00000001037e0000 	/Library/Java/JavaVirtualMachines/jdk1.8.0_65.jdk/Contents/Home/jre/lib/libzip.dylib
0x000000011c8d7000 	/System/Library/Frameworks/JavaVM.framework/Frameworks/JavaRuntimeSupport.framework/JavaRuntimeSupport
0x00000001037ea000 	/System/Library/Frameworks/JavaVM.framework/Versions/A/Frameworks/JavaNativeFoundation.framework/Versions/A/JavaNativeFoundation
0x000000011c8f2000 	/System/Library/Frameworks/JavaVM.framework/Versions/A/JavaVM
0x0000000009b6d000 	/System/Library/Frameworks/Carbon.framework/Versions/A/Carbon
0x000000011c8ff000 	/System/Library/PrivateFrameworks/JavaLaunching.framework/Versions/A/JavaLaunching
0x0000000009b6d000 	/System/Library/Frameworks/Carbon.framework/Versions/A/Frameworks/CommonPanels.framework/Versions/A/CommonPanels
0x0000000009b6d000 	/System/Library/Frameworks/Carbon.framework/Versions/A/Frameworks/Help.framework/Versions/A/Help
0x0000000009b6d000 	/System/Library/Frameworks/Carbon.framework/Versions/A/Frameworks/ImageCapture.framework/Versions/A/ImageCapture
0x0000000009b6d000 	/System/Library/Frameworks/Carbon.framework/Versions/A/Frameworks/OpenScripting.framework/Versions/A/OpenScripting
0x0000000009b6d000 	/System/Library/Frameworks/Carbon.framework/Versions/A/Frameworks/Print.framework/Versions/A/Print
0x0000000009b6d000 	/System/Library/Frameworks/Carbon.framework/Versions/A/Frameworks/SecurityHI.framework/Versions/A/SecurityHI
0x000000011e2ea000 	/Library/Java/JavaVirtualMachines/jdk1.8.0_65.jdk/Contents/Home/jre/lib/libdt_socket.dylib
0x000000011ec65000 	/Library/Java/JavaVirtualMachines/jdk1.8.0_65.jdk/Contents/Home/jre/lib/libawt.dylib
0x000000011ed0d000 	/Library/Java/JavaVirtualMachines/jdk1.8.0_65.jdk/Contents/Home/jre/lib/./libmlib_image.dylib
0x000000011edd9000 	/Library/Java/JavaVirtualMachines/jdk1.8.0_65.jdk/Contents/Home/jre/lib/libawt_lwawt.dylib
0x000000011ee8e000 	/Library/Java/JavaVirtualMachines/jdk1.8.0_65.jdk/Contents/Home/jre/lib/./libosxapp.dylib
0x0000000009b6d000 	/System/Library/Frameworks/ExceptionHandling.framework/Versions/A/ExceptionHandling
0x0000000009b6d000 	/System/Library/PrivateFrameworks/CoreServicesInternal.framework/Versions/A/CoreServicesInternal
0x0000000009b6d000 	/System/Library/PrivateFrameworks/CloudDocs.framework/Versions/A/CloudDocs
0x0000000009b6d000 	/System/Library/PrivateFrameworks/CoreDuet.framework/Versions/A/CoreDuet
0x0000000009b6d000 	/System/Library/Frameworks/CloudKit.framework/Versions/A/CloudKit
0x0000000009b6d000 	/System/Library/PrivateFrameworks/ProtocolBuffer.framework/Versions/A/ProtocolBuffer
0x0000000009b6d000 	/System/Library/PrivateFrameworks/CoreDuetDaemonProtocol.framework/Versions/A/CoreDuetDaemonProtocol
0x0000000009b6d000 	/System/Library/PrivateFrameworks/CoreDuetDebugLogging.framework/Versions/A/CoreDuetDebugLogging
0x0000000009b6d000 	/System/Library/PrivateFrameworks/MMCS.framework/Versions/A/MMCS
0x0000000009b6d000 	/System/Library/Frameworks/CoreLocation.framework/Versions/A/CoreLocation
0x0000000009b6d000 	/System/Library/PrivateFrameworks/ProtectedCloudStorage.framework/Versions/A/ProtectedCloudStorage
0x0000000009b6d000 	/System/Library/PrivateFrameworks/GeoServices.framework/Versions/A/GeoServices
0x0000000009b6d000 	/System/Library/Frameworks/CoreGraphics.framework/Versions/A/Resources/libCGCMS.A.dylib
0x0000000009b6d000 	/System/Library/Frameworks/CoreGraphics.framework/Versions/A/Resources/libRIP.A.dylib
0x0000000009b6d000 	/System/Library/Frameworks/CoreGraphics.framework/Versions/A/Resources/libCGXType.A.dylib
0x0000000009b6d000 	/System/Library/Frameworks/OpenCL.framework/Versions/A/Libraries/libcldcpuengine.dylib
0x0000000009b6d000 	/System/Library/PrivateFrameworks/DiskImages.framework/Versions/A/DiskImages
0x0000000009b6d000 	/System/Library/Frameworks/DiscRecording.framework/Versions/A/DiscRecording
0x0000000009b6d000 	/usr/lib/libcsfde.dylib
0x0000000009b6d000 	/usr/lib/libcurl.4.dylib
0x0000000009b6d000 	/System/Library/PrivateFrameworks/MediaKit.framework/Versions/A/MediaKit
0x0000000009b6d000 	/usr/lib/libCoreStorage.dylib
0x0000000009b6d000 	/System/Library/PrivateFrameworks/EFILogin.framework/Versions/A/EFILogin
0x0000000009b6d000 	/usr/lib/libutil.dylib
0x0000000009b6d000 	/System/Library/PrivateFrameworks/FindMyDevice.framework/Versions/A/FindMyDevice
0x0000000009b6d000 	/System/Library/Frameworks/LDAP.framework/Versions/A/LDAP
0x0000000009b6d000 	/usr/lib/libsasl2.2.dylib
0x0000000009b6d000 	/System/Library/PrivateFrameworks/CoreDaemon.framework/Versions/B/CoreDaemon
0x0000000009b6d000 	/usr/lib/libcrypto.0.9.8.dylib
0x0000000009b6d000 	/System/Library/PrivateFrameworks/AppleSRP.framework/Versions/A/AppleSRP
0x0000000009b6d000 	/System/Library/PrivateFrameworks/TrustEvaluationAgent.framework/Versions/A/TrustEvaluationAgent
0x00000001221b2000 	cl_kernels
0x00000001221b4000 	/System/Library/Frameworks/OpenCL.framework/Versions/A/Libraries/ImageFormats/unorm8_bgra.dylib
0x00000001221a4000 	cl_kernels
0x0000000009b6d000 	/System/Library/PrivateFrameworks/FamilyControls.framework/Versions/A/FamilyControls
0x0000000009b6d000 	/System/Library/PrivateFrameworks/CommerceKit.framework/Versions/A/Frameworks/CommerceCore.framework/Versions/A/CommerceCore
0x0000000009b6d000 	/System/Library/PrivateFrameworks/SystemAdministration.framework/Versions/A/SystemAdministration
0x0000000009b6d000 	/System/Library/PrivateFrameworks/AppContainer.framework/Versions/A/AppContainer
0x0000000009b6d000 	/System/Library/PrivateFrameworks/SecCodeWrapper.framework/Versions/A/SecCodeWrapper
0x0000000009b6d000 	/System/Library/Frameworks/DirectoryService.framework/Versions/A/DirectoryService
0x0000000009b6d000 	/System/Library/PrivateFrameworks/LoginUIKit.framework/Versions/A/Frameworks/LoginUICore.framework/Versions/A/LoginUICore
0x0000000009b6d000 	/usr/lib/libodfde.dylib
0x00000001236e2000 	/Library/Java/JavaVirtualMachines/jdk1.8.0_65.jdk/Contents/Home/jre/lib/libfontmanager.dylib
0x0000000123749000 	/Users/filipdusic/Desktop/NATIVI/macosx/liblwjgl.dylib
0x000000012160f000 	/Library/Java/JavaVirtualMachines/jdk1.8.0_65.jdk/Contents/Home/jre/lib/libjawt.dylib
0x0000000009b6d000 	/System/Library/Frameworks/OpenGL.framework/Versions/A/Resources/GLEngine.bundle/GLEngine
0x0000000009b6d000 	/System/Library/Frameworks/OpenGL.framework/Versions/A/Libraries/libGLProgrammability.dylib
0x00000001237cb000 	/System/Library/Extensions/AppleIntelHD5000GraphicsGLDriver.bundle/Contents/MacOS/AppleIntelHD5000GraphicsGLDriver
0x0000000009b6d000 	/System/Library/PrivateFrameworks/IOAccelerator.framework/Versions/A/IOAccelerator
0x0000000009b6d000 	/System/Library/PrivateFrameworks/GPUSupport.framework/Versions/A/Libraries/libGPUSupportMercury.dylib
0x0000000009b6d000 	/System/Library/Frameworks/OpenGL.framework/Versions/A/Resources/GLRendererFloat.bundle/GLRendererFloat
0x00000001221aa000 	/Users/filipdusic/Desktop/NATIVI/macosx/libjinput-osx.dylib
0x0000000124ceb000 	/System/Library/Extensions/IOHIDFamily.kext/Contents/PlugIns/IOHIDLib.plugin/Contents/MacOS/IOHIDLib
0x0000000125417000 	/Library/Java/JavaVirtualMachines/jdk1.8.0_65.jdk/Contents/Home/jre/lib/libnio.dylib
0x0000000125427000 	/Library/Java/JavaVirtualMachines/jdk1.8.0_65.jdk/Contents/Home/jre/lib/./libnet.dylib
0x0000000125546000 	/Library/Java/JavaVirtualMachines/jdk1.8.0_65.jdk/Contents/Home/jre/lib/libjpeg.dylib

VM Arguments:
jvm_args: -agentlib:jdwp=transport=dt_socket,suspend=y,address=localhost:52193 -Djava.library.path=/Users/filipdusic/Desktop/NATIVI/macosx -Dfile.encoding=UTF-8 
java_command: mainPackage.MainClass
java_class_path (initial): /Users/filipdusic/git/OriBelot/ORI_BELOT_2016/bin:/Users/filipdusic/git/OriBelot/ORI_BELOT_2016/Resources/lib/jinput.jar:/Users/filipdusic/git/OriBelot/ORI_BELOT_2016/Resources/lib/lwjgl.jar:/Users/filipdusic/git/OriBelot/ORI_BELOT_2016/Resources/lib/slick.jar
Launcher Type: SUN_STANDARD

Environment Variables:
PATH=/usr/bin:/bin:/usr/sbin:/sbin
SHELL=/bin/bash

Signal Handlers:
SIGSEGV: [libjvm.dylib+0x5a6d31], sa_mask[0]=11111111011111110111111111111111, sa_flags=SA_ONSTACK|SA_RESTART|SA_SIGINFO
SIGBUS: [libjvm.dylib+0x5a6d31], sa_mask[0]=11111111011111110111111111111111, sa_flags=SA_RESTART|SA_SIGINFO
SIGFPE: [libjvm.dylib+0x480a40], sa_mask[0]=11111111011111110111111111111111, sa_flags=SA_RESTART|SA_SIGINFO
SIGPIPE: [libjvm.dylib+0x480a40], sa_mask[0]=11111111011111110111111111111111, sa_flags=SA_RESTART|SA_SIGINFO
SIGXFSZ: [libjvm.dylib+0x480a40], sa_mask[0]=11111111011111110111111111111111, sa_flags=SA_RESTART|SA_SIGINFO
SIGILL: [libjvm.dylib+0x480a40], sa_mask[0]=11111111011111110111111111111111, sa_flags=SA_RESTART|SA_SIGINFO
SIGUSR1: SIG_DFL, sa_mask[0]=00000000000000000000000000000000, sa_flags=none
SIGUSR2: [libjvm.dylib+0x48055e], sa_mask[0]=00100000000000000000000000000000, sa_flags=SA_RESTART|SA_SIGINFO
SIGHUP: [libjvm.dylib+0x47eb35], sa_mask[0]=11111111011111110111111111111111, sa_flags=SA_RESTART|SA_SIGINFO
SIGINT: [libjvm.dylib+0x47eb35], sa_mask[0]=11111111011111110111111111111111, sa_flags=SA_RESTART|SA_SIGINFO
SIGTERM: [libjvm.dylib+0x47eb35], sa_mask[0]=11111111011111110111111111111111, sa_flags=SA_RESTART|SA_SIGINFO
SIGQUIT: [libjvm.dylib+0x47eb35], sa_mask[0]=11111111011111110111111111111111, sa_flags=SA_RESTART|SA_SIGINFO


---------------  S Y S T E M  ---------------

OS:Bsduname:Darwin 14.5.0 Darwin Kernel Version 14.5.0: Wed Jul 29 02:26:53 PDT 2015; root:xnu-2782.40.9~1/RELEASE_X86_64 x86_64
rlimit: STACK 8192k, CORE 0k, NPROC 709, NOFILE 10240, AS infinity
load average:1.28 1.33 1.37

CPU:total 8 (4 cores per cpu, 2 threads per core) family 6 model 70 stepping 1, cmov, cx8, fxsr, mmx, sse, sse2, sse3, ssse3, sse4.1, sse4.2, popcnt, avx, avx2, aes, clmul, erms, lzcnt, ht, tsc, tscinvbit, bmi1, bmi2

Memory: 4k page, physical 8388608k(2783540k free)

/proc/meminfo:


vm_info: Java HotSpot(TM) 64-Bit Server VM (25.65-b01) for bsd-amd64 JRE (1.8.0_65-b17), built on Oct  6 2015 15:36:46 by "java_re" with gcc 4.2.1 (Based on Apple Inc. build 5658) (LLVM build 2336.11.00)

time: Sat Jun 18 22:22:10 2016
elapsed time: 38 seconds (0d 0h 0m 38s)

