#
# A fatal error has been detected by the Java Runtime Environment:
#
#  SIGSEGV (0xb) at pc=0x00007fff98b268f2, pid=2946, tid=1811
#
# JRE version: Java(TM) SE Runtime Environment (8.0_65-b17) (build 1.8.0_65-b17)
# Java VM: Java HotSpot(TM) 64-Bit Server VM (25.65-b01 mixed mode bsd-amd64 compressed oops)
# Problematic frame:
# C  [libGPUSupportMercury.dylib+0xb8f2]  gldAttachDrawable+0x60
#
# Failed to write core dump. Core dumps have been disabled. To enable core dumping, try "ulimit -c unlimited" before starting Java again
#
# If you would like to submit a bug report, please visit:
#   http://bugreport.java.com/bugreport/crash.jsp
# The crash happened outside the Java Virtual Machine in native code.
# See problematic frame for where to report the bug.
#

---------------  T H R E A D  ---------------

Current thread (0x00007fd399834800):  JavaThread "AppKit Thread" daemon [_thread_in_native, id=1811, stack(0x00007fff5b938000,0x00007fff5c138000)]

siginfo: si_signo: 11 (SIGSEGV), si_code: 0 (unknown), si_addr: 0x0000000000000000

Registers:
RAX=0xa000000000000000, RBX=0x000000000000271e, RCX=0x0000000000000000, RDX=0x00007fd398eab308
RSP=0x00007fff5c131a20, RBP=0x00007fff5c131b20, RSI=0x0000000000000050, RDI=0x00007fff79c68070
R8 =0x00007fd39e009e60, R9 =0x00007fd39d800000, R10=0x000000000000003c, R11=0x0000000000000206
R12=0x0000000000002718, R13=0x00007fd3998d7200, R14=0x0000000000000050, R15=0x0000000000000000
RIP=0x00007fff98b268f2, EFLAGS=0x0000000000010212, ERR=0x0000000000000000
  TRAPNO=0x000000000000000d

Top of Stack: (sp=0x00007fff5c131a20)
0x00007fff5c131a20:   00007fff5c131a94 00007fd398f2d200
0x00007fff5c131a30:   ffffffffffffffff 0000206000000040
0x00007fff5c131a40:   00007fd398f2d218 00007fff9968764f
0x00007fff5c131a50:   0000000000000000 a000000000000000
0x00007fff5c131a60:   0000000300000003 00007fff5c131ba8
0x00007fff5c131a70:   00007fff5c131b34 0000000000021ef7
0x00007fff5c131a80:   00007fff5c131b2c 00007fff5c131b30
0x00007fff5c131a90:   00007fff5c131b10 00007fff89be3299
0x00007fff5c131aa0:   0000000000000000 0000000000000715
0x00007fff5c131ab0:   0000003400001200 0000040b00000000
0x00007fff5c131ac0:   00007fff5c131af0 00007fff89b7ca9a
0x00007fff5c131ad0:   00007fff5c131b68 0000000000000715
0x00007fff5c131ae0:   00007fff5c131b20 00000000281f1594
0x00007fff5c131af0:   f200ef7692da72d7 00007fd39e000000
0x00007fff5c131b00:   0000000000002718 0000000000000000
0x00007fff5c131b10:   0000000000000050 0000000000000000
0x00007fff5c131b20:   00007fff5c131b70 00007fff994dd7e8
0x00007fff5c131b30:   00007fd39e009e60 0000000000000000
0x00007fff5c131b40:   00007fd398eab308 00007fd398f6bb10
0x00007fff5c131b50:   0000000000000000 00007fd3990fe550
0x00007fff5c131b60:   00007fd3990fc600 00007fff79c68070
0x00007fff5c131b70:   00007fff5c131c60 00007fff91f90870
0x00007fff5c131b80:   408c200000000000 4072700000000000
0x00007fff5c131b90:   4060000000000000 408a900000000000
0x00007fff5c131ba0:   4083700000000000 0000000000000000
0x00007fff5c131bb0:   4036000000000000 408a900000000000
0x00007fff5c131bc0:   4082c00000000000 0000000000000000
0x00007fff5c131bd0:   0000000000000000 0000000000000001
0x00007fff5c131be0:   00007fd398eab308 0000000000000001
0x00007fff5c131bf0:   00007fff5c131c60 00007fff91f9566b
0x00007fff5c131c00:   0000000100000003 00007fd3990fe550
0x00007fff5c131c10:   00007fd3990fe488 000000029399ffff 

Instructions: (pc=0x00007fff98b268f2)
0x00007fff98b268d2:   48 85 d2 b8 01 00 00 00 bb 15 27 00 00 0f 44 d8
0x00007fff98b268e2:   e9 7f 01 00 00 49 8b 45 08 48 89 85 38 ff ff ff
0x00007fff98b268f2:   48 8b 00 48 89 85 30 ff ff ff 83 fe 4f 0f 8f fd
0x00007fff98b26902:   00 00 00 48 89 d0 bb 15 27 00 00 83 fe 35 0f 84 

Register to memory mapping:

RAX=0xa000000000000000 is an unknown value
RBX=0x000000000000271e is an unknown value
RCX=0x0000000000000000 is an unknown value
RDX=0x00007fd398eab308 is an unknown value
RSP=0x00007fff5c131a20 is pointing into the stack for thread: 0x00007fd399834800
RBP=0x00007fff5c131b20 is pointing into the stack for thread: 0x00007fd399834800
RSI=0x0000000000000050 is an unknown value
RDI=0x00007fff79c68070: __stack_chk_guard+0 in /usr/lib/system/libsystem_c.dylib at 0x00007fff8a680000
R8 =0x00007fd39e009e60 is an unknown value
R9 =0x00007fd39d800000 is an unknown value
R10=0x000000000000003c is an unknown value
R11=0x0000000000000206 is an unknown value
R12=0x0000000000002718 is an unknown value
R13=0x00007fd3998d7200 is an unknown value
R14=0x0000000000000050 is an unknown value
R15=0x0000000000000000 is an unknown value


Stack: [0x00007fff5b938000,0x00007fff5c138000],  sp=0x00007fff5c131a20,  free space=8166k
Native frames: (J=compiled Java code, j=interpreted, Vv=VM code, C=native code)
C  [libGPUSupportMercury.dylib+0xb8f2]  gldAttachDrawable+0x60
C  [GLEngine+0x167e8]  gliAttachDrawableWithOptions+0x101
C  [OpenGL+0x3870]  glcGetIOAccelService+0xe03
C  [OpenGL+0x7412]  CGLSetPBuffer+0xb90
C  [OpenGL+0x7735]  CGLSetSurface+0x124
C  [AppKit+0x332c34]  NSOpenGLContextAttachOnScreenViewSurface+0x109
C  [AppKit+0x31db7c]  -[NSOpenGLContext setView:]+0x83
C  [liblwjgl.dylib+0xa586]  -[MacOSXOpenGLView lockFocus]+0x76
C  [AppKit+0xe1f45]  -[NSView _recursiveDisplayRectIfNeededIgnoringOpacity:isVisibleRect:rectIsVisibleRectForView:topView:]+0x740
C  [AppKit+0xe2fa0]  -[NSView _recursiveDisplayRectIfNeededIgnoringOpacity:isVisibleRect:rectIsVisibleRectForView:topView:]+0x179b
C  [AppKit+0xe12f3]  -[NSThemeFrame _recursiveDisplayRectIfNeededIgnoringOpacity:isVisibleRect:rectIsVisibleRectForView:topView:]+0x14d
C  [AppKit+0xdd68b]  -[NSView _displayRectIgnoringOpacity:isVisibleRect:rectIsVisibleRectForView:]+0xac9
C  [AppKit+0x951ae]  -[NSView displayIfNeeded]+0x754
C  [AppKit+0x94a09]  -[NSWindow displayIfNeeded]+0xec
C  [AppKit+0x94672]  _handleWindowNeedsDisplayOrLayoutOrUpdateConstraints+0x3a8
C  [Foundation+0x4ba23]  __NSFireTimer+0x5f
C  [CoreFoundation+0xb72e4]  __CFRUNLOOP_IS_CALLING_OUT_TO_A_TIMER_CALLBACK_FUNCTION__+0x14
C  [CoreFoundation+0xb6f73]  __CFRunLoopDoTimer+0x423
C  [CoreFoundation+0x12a53d]  __CFRunLoopDoTimers+0x12d
C  [CoreFoundation+0x72608]  __CFRunLoopRun+0x7e8
C  [CoreFoundation+0x71bd8]  CFRunLoopRunSpecific+0x128
C  [HIToolbox+0x3256f]  RunCurrentEventLoopInMode+0xeb
C  [HIToolbox+0x322ea]  ReceiveNextEventCommon+0x1af
C  [HIToolbox+0x3212b]  _BlockUntilNextEventMatchingListInModeWithFilter+0x47
C  [AppKit+0x918ab]  _DPSNextEvent+0x3d2
C  [AppKit+0x90e58]  -[NSApplication nextEventMatchingMask:untilDate:inMode:dequeue:]+0x15a
C  [libosxapp.dylib+0x23aa]  -[NSApplicationAWT nextEventMatchingMask:untilDate:inMode:dequeue:]+0x7c
C  [AppKit+0x86af3]  -[NSApplication run]+0x252
C  [libosxapp.dylib+0x214d]  +[NSApplicationAWT runAWTLoopWithApp:]+0x9c
C  [libawt_lwawt.dylib+0x44517]  -[AWTStarter starter:]+0x389
C  [Foundation+0x92dd0]  __NSThreadPerformPerform+0x125
C  [CoreFoundation+0x80a01]  __CFRUNLOOP_IS_CALLING_OUT_TO_A_SOURCE0_PERFORM_FUNCTION__+0x11
C  [CoreFoundation+0x72b8d]  __CFRunLoopDoSources0+0x10d
C  [CoreFoundation+0x721bf]  __CFRunLoopRun+0x39f
C  [CoreFoundation+0x71bd8]  CFRunLoopRunSpecific+0x128
C  [java+0x6463]  CreateExecutionEnvironment+0x367
C  [java+0x21ac]  JLI_Launch+0x7a0
C  [java+0x84c0]  main+0x65
C  [java+0x1a04]  start+0x34
C  0x0000000000000006


---------------  P R O C E S S  ---------------

Java Threads: ( => current thread )
  0x00007fd39a13c800 JavaThread "AWT-Shutdown" [_thread_blocked, id=30747, stack(0x00000001208da000,0x00000001209da000)]
  0x00007fd39b207800 JavaThread "Java2D Queue Flusher" daemon [_thread_blocked, id=60175, stack(0x0000000125e09000,0x0000000125f09000)]
  0x00007fd399137800 JavaThread "Java2D Disposer" daemon [_thread_blocked, id=54319, stack(0x0000000125cd9000,0x0000000125dd9000)]
=>0x00007fd399834800 JavaThread "AppKit Thread" daemon [_thread_in_native, id=1811, stack(0x00007fff5b938000,0x00007fff5c138000)]
  0x00007fd399814800 JavaThread "Service Thread" daemon [_thread_blocked, id=20483, stack(0x000000011eb76000,0x000000011ec76000)]
  0x00007fd399011800 JavaThread "C1 CompilerThread3" daemon [_thread_blocked, id=19971, stack(0x000000011ea73000,0x000000011eb73000)]
  0x00007fd39a02d000 JavaThread "C2 CompilerThread2" daemon [_thread_blocked, id=19459, stack(0x000000011e970000,0x000000011ea70000)]
  0x00007fd399801800 JavaThread "C2 CompilerThread1" daemon [_thread_blocked, id=18947, stack(0x000000011e86d000,0x000000011e96d000)]
  0x00007fd39b035800 JavaThread "C2 CompilerThread0" daemon [_thread_blocked, id=18435, stack(0x000000011e76a000,0x000000011e86a000)]
  0x00007fd39b042000 JavaThread "Signal Dispatcher" daemon [_thread_blocked, id=14355, stack(0x000000011e667000,0x000000011e767000)]
  0x00007fd39a05a800 JavaThread "Finalizer" daemon [_thread_blocked, id=13571, stack(0x000000011ccc2000,0x000000011cdc2000)]
  0x00007fd39a05a000 JavaThread "Reference Handler" daemon [_thread_blocked, id=13059, stack(0x000000011cbbf000,0x000000011ccbf000)]
  0x00007fd39b008000 JavaThread "main" [_thread_in_native, id=4867, stack(0x0000000105b8a000,0x0000000105c8a000)]

Other Threads:
  0x00007fd39a057000 VMThread [stack: 0x000000011cabc000,0x000000011cbbc000] [id=12547]
  0x00007fd399007000 WatcherThread [stack: 0x000000011ec79000,0x000000011ed79000] [id=20995]

VM state:not at safepoint (normal execution)

VM Mutex/Monitor currently owned by a thread: None

Heap:
 PSYoungGen      total 38400K, used 21631K [0x0000000795580000, 0x0000000798000000, 0x00000007c0000000)
  eden space 33280K, 52% used [0x0000000795580000,0x0000000796687170,0x0000000797600000)
  from space 5120K, 81% used [0x0000000797600000,0x0000000797a18ab0,0x0000000797b00000)
  to   space 5120K, 0% used [0x0000000797b00000,0x0000000797b00000,0x0000000798000000)
 ParOldGen       total 87552K, used 16K [0x0000000740000000, 0x0000000745580000, 0x0000000795580000)
  object space 87552K, 0% used [0x0000000740000000,0x0000000740004000,0x0000000745580000)
 Metaspace       used 9813K, capacity 9959K, committed 10112K, reserved 1058816K
  class space    used 1023K, capacity 1088K, committed 1152K, reserved 1048576K

Card table byte_map: [0x0000000115081000,0x0000000115482000] byte_map_base: 0x0000000111681000

Marking Bits: (ParMarkBitMap*) 0x00000001054dee20
 Begin Bits: [0x0000000115f45000, 0x0000000117f45000)
 End Bits:   [0x0000000117f45000, 0x0000000119f45000)

Polling page: 0x0000000103bec000

CodeCache: size=245760Kb used=4224Kb max_used=4236Kb free=241535Kb
 bounds [0x0000000105cc1000, 0x00000001060f1000, 0x0000000114cc1000]
 total_blobs=1622 nmethods=1111 adapters=425
 compilation: enabled

Compilation events (10 events):
Event: 9.657 Thread 0x00007fd399011800 1107       1       org.newdawn.slick.GameContainer::getInput (5 bytes)
Event: 9.657 Thread 0x00007fd399011800 nmethod 1107 0x00000001060c3cd0 code [0x00000001060c3e20, 0x00000001060c3f30]
Event: 9.657 Thread 0x00007fd399011800 1108       1       mainPackage.mainClasses.supportPackage.SecondCounter::getSeconds (5 bytes)
Event: 9.658 Thread 0x00007fd399011800 nmethod 1108 0x00000001060e6d10 code [0x00000001060e6e60, 0x00000001060e6f70]
Event: 9.658 Thread 0x00007fd399011800 1109       1       mainPackage.mainClasses.supportPackage.SecondCounter::getMilliseconds (5 bytes)
Event: 9.658 Thread 0x00007fd399011800 nmethod 1109 0x00000001060e6a50 code [0x00000001060e6ba0, 0x00000001060e6cb0]
Event: 9.857 Thread 0x00007fd39a02d000 1110       4       java.nio.Buffer::limit (62 bytes)
Event: 9.858 Thread 0x00007fd39a02d000 nmethod 1110 0x00000001060e5210 code [0x00000001060e5360, 0x00000001060e5458]
Event: 10.290 Thread 0x00007fd399801800 1111       4       org.lwjgl.opengl.GLContext::getCapabilitiesImpl (23 bytes)
Event: 10.291 Thread 0x00007fd399801800 nmethod 1111 0x00000001060e4f90 code [0x00000001060e50e0, 0x00000001060e5178]

GC Heap History (2 events):
Event: 7.561 GC heap before
{Heap before GC invocations=1 (full 0):
 PSYoungGen      total 38400K, used 33280K [0x0000000795580000, 0x0000000798000000, 0x00000007c0000000)
  eden space 33280K, 100% used [0x0000000795580000,0x0000000797600000,0x0000000797600000)
  from space 5120K, 0% used [0x0000000797b00000,0x0000000797b00000,0x0000000798000000)
  to   space 5120K, 0% used [0x0000000797600000,0x0000000797600000,0x0000000797b00000)
 ParOldGen       total 87552K, used 0K [0x0000000740000000, 0x0000000745580000, 0x0000000795580000)
  object space 87552K, 0% used [0x0000000740000000,0x0000000740000000,0x0000000745580000)
 Metaspace       used 9697K, capacity 9895K, committed 10112K, reserved 1058816K
  class space    used 1019K, capacity 1088K, committed 1152K, reserved 1048576K
Event: 7.567 GC heap after
Heap after GC invocations=1 (full 0):
 PSYoungGen      total 38400K, used 4194K [0x0000000795580000, 0x0000000798000000, 0x00000007c0000000)
  eden space 33280K, 0% used [0x0000000795580000,0x0000000795580000,0x0000000797600000)
  from space 5120K, 81% used [0x0000000797600000,0x0000000797a18ab0,0x0000000797b00000)
  to   space 5120K, 0% used [0x0000000797b00000,0x0000000797b00000,0x0000000798000000)
 ParOldGen       total 87552K, used 16K [0x0000000740000000, 0x0000000745580000, 0x0000000795580000)
  object space 87552K, 0% used [0x0000000740000000,0x0000000740004000,0x0000000745580000)
 Metaspace       used 9697K, capacity 9895K, committed 10112K, reserved 1058816K
  class space    used 1019K, capacity 1088K, committed 1152K, reserved 1048576K
}

Deoptimization events (9 events):
Event: 0.122 Thread 0x00007fd39b008000 Uncommon trap: reason=unstable_if action=reinterpret pc=0x0000000105e00040 method=java.lang.String.indexOf(II)I @ 49
Event: 0.303 Thread 0x00007fd39b008000 Uncommon trap: reason=unstable_if action=reinterpret pc=0x0000000105e5651c method=java.lang.String.replace(CC)Ljava/lang/String; @ 26
Event: 0.754 Thread 0x00007fd39b008000 Uncommon trap: reason=unstable_if action=reinterpret pc=0x0000000105e64d54 method=java.lang.String.indexOf([CII[CIII)I @ 3
Event: 0.758 Thread 0x00007fd39b008000 Uncommon trap: reason=class_check action=maybe_recompile pc=0x0000000105f10168 method=java.util.HashMap.putVal(ILjava/lang/Object;Ljava/lang/Object;ZZ)Ljava/lang/Object; @ 253
Event: 0.758 Thread 0x00007fd39b008000 Uncommon trap: reason=class_check action=maybe_recompile pc=0x0000000105f10168 method=java.util.HashMap.putVal(ILjava/lang/Object;Ljava/lang/Object;ZZ)Ljava/lang/Object; @ 253
Event: 0.758 Thread 0x00007fd39b008000 Uncommon trap: reason=class_check action=maybe_recompile pc=0x0000000105f10168 method=java.util.HashMap.putVal(ILjava/lang/Object;Ljava/lang/Object;ZZ)Ljava/lang/Object; @ 253
Event: 0.758 Thread 0x00007fd39b008000 Uncommon trap: reason=class_check action=maybe_recompile pc=0x0000000105f10168 method=java.util.HashMap.putVal(ILjava/lang/Object;Ljava/lang/Object;ZZ)Ljava/lang/Object; @ 253
Event: 0.758 Thread 0x00007fd39b008000 Uncommon trap: reason=class_check action=maybe_recompile pc=0x0000000105efc1cc method=java.util.HashMap.putVal(ILjava/lang/Object;Ljava/lang/Object;ZZ)Ljava/lang/Object; @ 253
Event: 0.832 Thread 0x00007fd39b008000 Uncommon trap: reason=unstable_if action=reinterpret pc=0x0000000105f585ec method=sun.awt.image.ByteInterleavedRaster.getDataElements(IILjava/lang/Object;)Ljava/lang/Object; @ 43

Internal exceptions (10 events):
Event: 0.076 Thread 0x00007fd39b008000 Exception <a 'java/security/PrivilegedActionException'> (0x0000000795785e20) thrown at [/Users/java_re/workspace/8-2-build-macosx-x86_64/jdk8u65/4987/hotspot/src/share/vm/prims/jvm.cpp, line 1386]
Event: 0.112 Thread 0x00007fd39b008000 Exception <a 'java/security/PrivilegedActionException'> (0x00000007958c0710) thrown at [/Users/java_re/workspace/8-2-build-macosx-x86_64/jdk8u65/4987/hotspot/src/share/vm/prims/jvm.cpp, line 1386]
Event: 0.112 Thread 0x00007fd39b008000 Exception <a 'java/security/PrivilegedActionException'> (0x00000007958c0920) thrown at [/Users/java_re/workspace/8-2-build-macosx-x86_64/jdk8u65/4987/hotspot/src/share/vm/prims/jvm.cpp, line 1386]
Event: 0.113 Thread 0x00007fd39b008000 Exception <a 'java/security/PrivilegedActionException'> (0x00000007958c3da8) thrown at [/Users/java_re/workspace/8-2-build-macosx-x86_64/jdk8u65/4987/hotspot/src/share/vm/prims/jvm.cpp, line 1386]
Event: 0.113 Thread 0x00007fd39b008000 Exception <a 'java/security/PrivilegedActionException'> (0x00000007958c3fb8) thrown at [/Users/java_re/workspace/8-2-build-macosx-x86_64/jdk8u65/4987/hotspot/src/share/vm/prims/jvm.cpp, line 1386]
Event: 0.146 Thread 0x00007fd39b008000 Exception <a 'java/lang/NoSuchFieldError': method resolution failed> (0x0000000795992760) thrown at [/Users/java_re/workspace/8-2-build-macosx-x86_64/jdk8u65/4987/hotspot/src/share/vm/prims/methodHandles.cpp, line 1146]
Event: 0.147 Thread 0x00007fd39b008000 Exception <a 'java/lang/NoSuchFieldError': method resolution failed> (0x000000079599feb0) thrown at [/Users/java_re/workspace/8-2-build-macosx-x86_64/jdk8u65/4987/hotspot/src/share/vm/prims/methodHandles.cpp, line 1146]
Event: 0.284 Thread 0x00007fd39b008000 Exception <a 'java/io/FileNotFoundException'> (0x0000000795a1ae68) thrown at [/Users/java_re/workspace/8-2-build-macosx-x86_64/jdk8u65/4987/hotspot/src/share/vm/prims/jni.cpp, line 709]
Event: 0.284 Thread 0x00007fd39b008000 Exception <a 'java/io/FileNotFoundException'> (0x0000000795a1b9d0) thrown at [/Users/java_re/workspace/8-2-build-macosx-x86_64/jdk8u65/4987/hotspot/src/share/vm/prims/jni.cpp, line 709]
Event: 0.832 Thread 0x00007fd39b008000 Implicit null exception at 0x0000000105f583a4 to 0x0000000105f585d1

Events (10 events):
Event: 7.580 loading class mainPackage/mainClasses/playerPackage/HumanPlayer$1
Event: 7.580 loading class mainPackage/mainClasses/playerPackage/HumanPlayer$1 done
Event: 7.580 loading class java/util/ArrayList$SubList
Event: 7.580 loading class java/util/ArrayList$SubList done
Event: 7.580 loading class mainPackage/mainClasses/playerPackage/HumanPlayer$Compare
Event: 7.580 loading class mainPackage/mainClasses/playerPackage/HumanPlayer$Compare done
Event: 7.581 loading class java/util/ArrayList$SubList$1
Event: 7.581 loading class java/util/ArrayList$SubList$1 done
Event: 10.462 loading class org/lwjgl/opengl/CallbackUtil
Event: 10.463 loading class org/lwjgl/opengl/CallbackUtil done


Dynamic libraries:
0x0000000009b6d000 	/System/Library/Frameworks/Cocoa.framework/Versions/A/Cocoa
0x0000000009b6d000 	/System/Library/Frameworks/Security.framework/Versions/A/Security
0x0000000009b6d000 	/System/Library/Frameworks/ApplicationServices.framework/Versions/A/ApplicationServices
0x0000000009b6d000 	/usr/lib/libz.1.dylib
0x0000000009b6d000 	/usr/lib/libSystem.B.dylib
0x0000000009b6d000 	/usr/lib/libobjc.A.dylib
0x0000000009b6d000 	/System/Library/Frameworks/CoreFoundation.framework/Versions/A/CoreFoundation
0x0000000009b6d000 	/System/Library/Frameworks/Foundation.framework/Versions/C/Foundation
0x0000000009b6d000 	/System/Library/Frameworks/AppKit.framework/Versions/C/AppKit
0x0000000009b6d000 	/System/Library/Frameworks/CoreData.framework/Versions/A/CoreData
0x0000000009b6d000 	/System/Library/PrivateFrameworks/RemoteViewServices.framework/Versions/A/RemoteViewServices
0x0000000009b6d000 	/System/Library/PrivateFrameworks/UIFoundation.framework/Versions/A/UIFoundation
0x0000000009b6d000 	/System/Library/Frameworks/IOSurface.framework/Versions/A/IOSurface
0x0000000009b6d000 	/System/Library/Frameworks/AudioToolbox.framework/Versions/A/AudioToolbox
0x0000000009b6d000 	/System/Library/Frameworks/AudioUnit.framework/Versions/A/AudioUnit
0x0000000009b6d000 	/System/Library/PrivateFrameworks/DataDetectorsCore.framework/Versions/A/DataDetectorsCore
0x0000000009b6d000 	/System/Library/PrivateFrameworks/DesktopServicesPriv.framework/Versions/A/DesktopServicesPriv
0x0000000009b6d000 	/System/Library/Frameworks/Carbon.framework/Versions/A/Frameworks/HIToolbox.framework/Versions/A/HIToolbox
0x0000000009b6d000 	/System/Library/Frameworks/QuartzCore.framework/Versions/A/QuartzCore
0x0000000009b6d000 	/System/Library/Frameworks/Carbon.framework/Versions/A/Frameworks/SpeechRecognition.framework/Versions/A/SpeechRecognition
0x0000000009b6d000 	/usr/lib/libauto.dylib
0x0000000009b6d000 	/usr/lib/libicucore.A.dylib
0x0000000009b6d000 	/usr/lib/libxml2.2.dylib
0x0000000009b6d000 	/System/Library/PrivateFrameworks/CoreUI.framework/Versions/A/CoreUI
0x0000000009b6d000 	/System/Library/Frameworks/CoreAudio.framework/Versions/A/CoreAudio
0x0000000009b6d000 	/System/Library/Frameworks/DiskArbitration.framework/Versions/A/DiskArbitration
0x0000000009b6d000 	/usr/lib/liblangid.dylib
0x0000000009b6d000 	/System/Library/PrivateFrameworks/MultitouchSupport.framework/Versions/A/MultitouchSupport
0x0000000009b6d000 	/System/Library/Frameworks/IOKit.framework/Versions/A/IOKit
0x0000000009b6d000 	/usr/lib/libDiagnosticMessagesClient.dylib
0x0000000009b6d000 	/System/Library/Frameworks/CoreServices.framework/Versions/A/CoreServices
0x0000000009b6d000 	/System/Library/PrivateFrameworks/PerformanceAnalysis.framework/Versions/A/PerformanceAnalysis
0x0000000009b6d000 	/System/Library/PrivateFrameworks/GenerationalStorage.framework/Versions/A/GenerationalStorage
0x0000000009b6d000 	/System/Library/Frameworks/OpenGL.framework/Versions/A/OpenGL
0x0000000009b6d000 	/System/Library/PrivateFrameworks/Sharing.framework/Versions/A/Sharing
0x0000000009b6d000 	/System/Library/Frameworks/CoreGraphics.framework/Versions/A/CoreGraphics
0x0000000009b6d000 	/System/Library/Frameworks/CoreText.framework/Versions/A/CoreText
0x0000000009b6d000 	/System/Library/Frameworks/ImageIO.framework/Versions/A/ImageIO
0x0000000009b6d000 	/usr/lib/libextension.dylib
0x0000000009b6d000 	/System/Library/PrivateFrameworks/Backup.framework/Versions/A/Backup
0x0000000009b6d000 	/usr/lib/libarchive.2.dylib
0x0000000009b6d000 	/System/Library/Frameworks/CFNetwork.framework/Versions/A/CFNetwork
0x0000000009b6d000 	/System/Library/Frameworks/SystemConfiguration.framework/Versions/A/SystemConfiguration
0x0000000009b6d000 	/usr/lib/libCRFSuite.dylib
0x0000000009b6d000 	/usr/lib/libc++.1.dylib
0x0000000009b6d000 	/usr/lib/libc++abi.dylib
0x0000000009b6d000 	/usr/lib/system/libcache.dylib
0x0000000009b6d000 	/usr/lib/system/libcommonCrypto.dylib
0x0000000009b6d000 	/usr/lib/system/libcompiler_rt.dylib
0x0000000009b6d000 	/usr/lib/system/libcopyfile.dylib
0x0000000009b6d000 	/usr/lib/system/libcorecrypto.dylib
0x0000000009b6d000 	/usr/lib/system/libdispatch.dylib
0x0000000009b6d000 	/usr/lib/system/libdyld.dylib
0x0000000009b6d000 	/usr/lib/system/libkeymgr.dylib
0x0000000009b6d000 	/usr/lib/system/liblaunch.dylib
0x0000000009b6d000 	/usr/lib/system/libmacho.dylib
0x0000000009b6d000 	/usr/lib/system/libquarantine.dylib
0x0000000009b6d000 	/usr/lib/system/libremovefile.dylib
0x0000000009b6d000 	/usr/lib/system/libsystem_asl.dylib
0x0000000009b6d000 	/usr/lib/system/libsystem_blocks.dylib
0x0000000009b6d000 	/usr/lib/system/libsystem_c.dylib
0x0000000009b6d000 	/usr/lib/system/libsystem_configuration.dylib
0x0000000009b6d000 	/usr/lib/system/libsystem_coreservices.dylib
0x0000000009b6d000 	/usr/lib/system/libsystem_coretls.dylib
0x0000000009b6d000 	/usr/lib/system/libsystem_dnssd.dylib
0x0000000009b6d000 	/usr/lib/system/libsystem_info.dylib
0x0000000009b6d000 	/usr/lib/system/libsystem_kernel.dylib
0x0000000009b6d000 	/usr/lib/system/libsystem_m.dylib
0x0000000009b6d000 	/usr/lib/system/libsystem_malloc.dylib
0x0000000009b6d000 	/usr/lib/system/libsystem_network.dylib
0x0000000009b6d000 	/usr/lib/system/libsystem_networkextension.dylib
0x0000000009b6d000 	/usr/lib/system/libsystem_notify.dylib
0x0000000009b6d000 	/usr/lib/system/libsystem_platform.dylib
0x0000000009b6d000 	/usr/lib/system/libsystem_pthread.dylib
0x0000000009b6d000 	/usr/lib/system/libsystem_sandbox.dylib
0x0000000009b6d000 	/usr/lib/system/libsystem_secinit.dylib
0x0000000009b6d000 	/usr/lib/system/libsystem_stats.dylib
0x0000000009b6d000 	/usr/lib/system/libsystem_trace.dylib
0x0000000009b6d000 	/usr/lib/system/libunc.dylib
0x0000000009b6d000 	/usr/lib/system/libunwind.dylib
0x0000000009b6d000 	/usr/lib/system/libxpc.dylib
0x0000000009b6d000 	/usr/lib/libbz2.1.0.dylib
0x0000000009b6d000 	/usr/lib/liblzma.5.dylib
0x0000000009b6d000 	/usr/lib/libbsm.0.dylib
0x0000000009b6d000 	/usr/lib/libsqlite3.dylib
0x0000000009b6d000 	/usr/lib/system/libkxld.dylib
0x0000000009b6d000 	/usr/lib/libxar.1.dylib
0x0000000009b6d000 	/usr/lib/libpam.2.dylib
0x0000000009b6d000 	/usr/lib/libOpenScriptingUtil.dylib
0x0000000009b6d000 	/System/Library/Frameworks/CoreServices.framework/Versions/A/Frameworks/FSEvents.framework/Versions/A/FSEvents
0x0000000009b6d000 	/System/Library/Frameworks/CoreServices.framework/Versions/A/Frameworks/CarbonCore.framework/Versions/A/CarbonCore
0x0000000009b6d000 	/System/Library/Frameworks/CoreServices.framework/Versions/A/Frameworks/Metadata.framework/Versions/A/Metadata
0x0000000009b6d000 	/System/Library/Frameworks/CoreServices.framework/Versions/A/Frameworks/OSServices.framework/Versions/A/OSServices
0x0000000009b6d000 	/System/Library/Frameworks/CoreServices.framework/Versions/A/Frameworks/SearchKit.framework/Versions/A/SearchKit
0x0000000009b6d000 	/System/Library/Frameworks/CoreServices.framework/Versions/A/Frameworks/AE.framework/Versions/A/AE
0x0000000009b6d000 	/System/Library/Frameworks/CoreServices.framework/Versions/A/Frameworks/LaunchServices.framework/Versions/A/LaunchServices
0x0000000009b6d000 	/System/Library/Frameworks/CoreServices.framework/Versions/A/Frameworks/DictionaryServices.framework/Versions/A/DictionaryServices
0x0000000009b6d000 	/System/Library/Frameworks/NetFS.framework/Versions/A/NetFS
0x0000000009b6d000 	/System/Library/PrivateFrameworks/NetAuth.framework/Versions/A/NetAuth
0x0000000009b6d000 	/System/Library/PrivateFrameworks/login.framework/Versions/A/Frameworks/loginsupport.framework/Versions/A/loginsupport
0x0000000009b6d000 	/System/Library/PrivateFrameworks/TCC.framework/Versions/A/TCC
0x0000000009b6d000 	/usr/lib/libmecabra.dylib
0x0000000009b6d000 	/System/Library/Frameworks/ApplicationServices.framework/Versions/A/Frameworks/ATS.framework/Versions/A/ATS
0x0000000009b6d000 	/System/Library/Frameworks/ApplicationServices.framework/Versions/A/Frameworks/ColorSync.framework/Versions/A/ColorSync
0x0000000009b6d000 	/System/Library/Frameworks/ApplicationServices.framework/Versions/A/Frameworks/HIServices.framework/Versions/A/HIServices
0x0000000009b6d000 	/System/Library/Frameworks/ApplicationServices.framework/Versions/A/Frameworks/LangAnalysis.framework/Versions/A/LangAnalysis
0x0000000009b6d000 	/System/Library/Frameworks/ApplicationServices.framework/Versions/A/Frameworks/PrintCore.framework/Versions/A/PrintCore
0x0000000009b6d000 	/System/Library/Frameworks/ApplicationServices.framework/Versions/A/Frameworks/QD.framework/Versions/A/QD
0x0000000009b6d000 	/System/Library/Frameworks/ApplicationServices.framework/Versions/A/Frameworks/SpeechSynthesis.framework/Versions/A/SpeechSynthesis
0x0000000009b6d000 	/System/Library/Frameworks/Accelerate.framework/Versions/A/Accelerate
0x0000000009b6d000 	/System/Library/Frameworks/Accelerate.framework/Versions/A/Frameworks/vImage.framework/Versions/A/vImage
0x0000000009b6d000 	/System/Library/Frameworks/Accelerate.framework/Versions/A/Frameworks/vecLib.framework/Versions/A/vecLib
0x0000000009b6d000 	/System/Library/Frameworks/Accelerate.framework/Versions/A/Frameworks/vecLib.framework/Versions/A/libvDSP.dylib
0x0000000009b6d000 	/System/Library/Frameworks/Accelerate.framework/Versions/A/Frameworks/vecLib.framework/Versions/A/libvMisc.dylib
0x0000000009b6d000 	/System/Library/Frameworks/Accelerate.framework/Versions/A/Frameworks/vecLib.framework/Versions/A/libLAPACK.dylib
0x0000000009b6d000 	/System/Library/Frameworks/Accelerate.framework/Versions/A/Frameworks/vecLib.framework/Versions/A/libBLAS.dylib
0x0000000009b6d000 	/System/Library/Frameworks/Accelerate.framework/Versions/A/Frameworks/vecLib.framework/Versions/A/libLinearAlgebra.dylib
0x0000000009b6d000 	/System/Library/Frameworks/ApplicationServices.framework/Versions/A/Frameworks/ATS.framework/Versions/A/Resources/libFontParser.dylib
0x0000000009b6d000 	/System/Library/Frameworks/ApplicationServices.framework/Versions/A/Frameworks/ATS.framework/Versions/A/Resources/libFontRegistry.dylib
0x0000000009b6d000 	/System/Library/PrivateFrameworks/AppleVPA.framework/Versions/A/AppleVPA
0x0000000009b6d000 	/System/Library/PrivateFrameworks/AppleJPEG.framework/Versions/A/AppleJPEG
0x0000000009b6d000 	/System/Library/Frameworks/ImageIO.framework/Versions/A/Resources/libJPEG.dylib
0x0000000009b6d000 	/System/Library/Frameworks/ImageIO.framework/Versions/A/Resources/libTIFF.dylib
0x0000000009b6d000 	/System/Library/Frameworks/ImageIO.framework/Versions/A/Resources/libPng.dylib
0x0000000009b6d000 	/System/Library/Frameworks/ImageIO.framework/Versions/A/Resources/libGIF.dylib
0x0000000009b6d000 	/System/Library/Frameworks/ImageIO.framework/Versions/A/Resources/libJP2.dylib
0x0000000009b6d000 	/System/Library/Frameworks/ImageIO.framework/Versions/A/Resources/libRadiance.dylib
0x0000000009b6d000 	/System/Library/Frameworks/CoreVideo.framework/Versions/A/CoreVideo
0x0000000009b6d000 	/System/Library/Frameworks/OpenGL.framework/Versions/A/Libraries/libGLU.dylib
0x0000000009b6d000 	/System/Library/Frameworks/OpenGL.framework/Versions/A/Libraries/libGFXShared.dylib
0x0000000009b6d000 	/System/Library/Frameworks/OpenGL.framework/Versions/A/Libraries/libGL.dylib
0x0000000009b6d000 	/System/Library/Frameworks/OpenGL.framework/Versions/A/Libraries/libGLImage.dylib
0x0000000009b6d000 	/System/Library/Frameworks/OpenGL.framework/Versions/A/Libraries/libCVMSPluginSupport.dylib
0x0000000009b6d000 	/System/Library/Frameworks/OpenGL.framework/Versions/A/Libraries/libCoreVMClient.dylib
0x0000000009b6d000 	/usr/lib/libcups.2.dylib
0x0000000009b6d000 	/System/Library/Frameworks/Kerberos.framework/Versions/A/Kerberos
0x0000000009b6d000 	/System/Library/Frameworks/GSS.framework/Versions/A/GSS
0x0000000009b6d000 	/usr/lib/libresolv.9.dylib
0x0000000009b6d000 	/usr/lib/libiconv.2.dylib
0x0000000009b6d000 	/System/Library/PrivateFrameworks/Heimdal.framework/Versions/A/Heimdal
0x0000000009b6d000 	/usr/lib/libheimdal-asn1.dylib
0x0000000009b6d000 	/System/Library/Frameworks/OpenDirectory.framework/Versions/A/OpenDirectory
0x0000000009b6d000 	/System/Library/PrivateFrameworks/CommonAuth.framework/Versions/A/CommonAuth
0x0000000009b6d000 	/System/Library/Frameworks/OpenDirectory.framework/Versions/A/Frameworks/CFOpenDirectory.framework/Versions/A/CFOpenDirectory
0x0000000009b6d000 	/System/Library/Frameworks/SecurityFoundation.framework/Versions/A/SecurityFoundation
0x0000000009b6d000 	/System/Library/PrivateFrameworks/LanguageModeling.framework/Versions/A/LanguageModeling
0x0000000009b6d000 	/usr/lib/libcmph.dylib
0x0000000009b6d000 	/System/Library/Frameworks/ServiceManagement.framework/Versions/A/ServiceManagement
0x0000000009b6d000 	/usr/lib/libxslt.1.dylib
0x0000000009b6d000 	/System/Library/Frameworks/Carbon.framework/Versions/A/Frameworks/Ink.framework/Versions/A/Ink
0x0000000009b6d000 	/System/Library/Frameworks/QuartzCore.framework/Versions/A/Frameworks/CoreImage.framework/Versions/A/CoreImage
0x0000000009b6d000 	/System/Library/PrivateFrameworks/CrashReporterSupport.framework/Versions/A/CrashReporterSupport
0x0000000009b6d000 	/System/Library/Frameworks/OpenCL.framework/Versions/A/OpenCL
0x0000000009b6d000 	/System/Library/PrivateFrameworks/FaceCore.framework/Versions/A/FaceCore
0x0000000009b6d000 	/System/Library/PrivateFrameworks/Ubiquity.framework/Versions/A/Ubiquity
0x0000000009b6d000 	/System/Library/PrivateFrameworks/IconServices.framework/Versions/A/IconServices
0x0000000009b6d000 	/System/Library/PrivateFrameworks/ChunkingLibrary.framework/Versions/A/ChunkingLibrary
0x0000000009b6d000 	/System/Library/PrivateFrameworks/Apple80211.framework/Versions/A/Apple80211
0x0000000009b6d000 	/System/Library/Frameworks/CoreWLAN.framework/Versions/A/CoreWLAN
0x0000000009b6d000 	/System/Library/Frameworks/IOBluetooth.framework/Versions/A/IOBluetooth
0x0000000009b6d000 	/System/Library/PrivateFrameworks/CoreWiFi.framework/Versions/A/CoreWiFi
0x0000000009b6d000 	/System/Library/Frameworks/CoreBluetooth.framework/Versions/A/CoreBluetooth
0x0000000009b6d000 	/System/Library/PrivateFrameworks/DebugSymbols.framework/Versions/A/DebugSymbols
0x0000000009b6d000 	/System/Library/PrivateFrameworks/CoreSymbolication.framework/Versions/A/CoreSymbolication
0x0000000009b6d000 	/System/Library/PrivateFrameworks/Symbolication.framework/Versions/A/Symbolication
0x0000000009b6d000 	/System/Library/PrivateFrameworks/SpeechRecognitionCore.framework/Versions/A/SpeechRecognitionCore
0x0000000104c00000 	/Library/Java/JavaVirtualMachines/jdk1.8.0_65.jdk/Contents/Home/jre/lib/server/libjvm.dylib
0x0000000009b6d000 	/usr/lib/libstdc++.6.dylib
0x0000000103bde000 	/Library/Java/JavaVirtualMachines/jdk1.8.0_65.jdk/Contents/Home/jre/lib/libverify.dylib
0x0000000105c8c000 	/Library/Java/JavaVirtualMachines/jdk1.8.0_65.jdk/Contents/Home/jre/lib/libjava.dylib
0x0000000103bf6000 	/Library/Java/JavaVirtualMachines/jdk1.8.0_65.jdk/Contents/Home/jre/lib/libzip.dylib
0x000000011cdc4000 	/System/Library/Frameworks/JavaVM.framework/Frameworks/JavaRuntimeSupport.framework/JavaRuntimeSupport
0x000000011cddf000 	/System/Library/Frameworks/JavaVM.framework/Versions/A/Frameworks/JavaNativeFoundation.framework/Versions/A/JavaNativeFoundation
0x000000011cdf4000 	/System/Library/Frameworks/JavaVM.framework/Versions/A/JavaVM
0x0000000009b6d000 	/System/Library/Frameworks/Carbon.framework/Versions/A/Carbon
0x000000011ce01000 	/System/Library/PrivateFrameworks/JavaLaunching.framework/Versions/A/JavaLaunching
0x0000000009b6d000 	/System/Library/Frameworks/Carbon.framework/Versions/A/Frameworks/CommonPanels.framework/Versions/A/CommonPanels
0x0000000009b6d000 	/System/Library/Frameworks/Carbon.framework/Versions/A/Frameworks/Help.framework/Versions/A/Help
0x0000000009b6d000 	/System/Library/Frameworks/Carbon.framework/Versions/A/Frameworks/ImageCapture.framework/Versions/A/ImageCapture
0x0000000009b6d000 	/System/Library/Frameworks/Carbon.framework/Versions/A/Frameworks/OpenScripting.framework/Versions/A/OpenScripting
0x0000000009b6d000 	/System/Library/Frameworks/Carbon.framework/Versions/A/Frameworks/Print.framework/Versions/A/Print
0x0000000009b6d000 	/System/Library/Frameworks/Carbon.framework/Versions/A/Frameworks/SecurityHI.framework/Versions/A/SecurityHI
0x000000011edd5000 	/Library/Java/JavaVirtualMachines/jdk1.8.0_65.jdk/Contents/Home/jre/lib/libawt.dylib
0x000000011ee7d000 	/Library/Java/JavaVirtualMachines/jdk1.8.0_65.jdk/Contents/Home/jre/lib/./libmlib_image.dylib
0x000000011ef49000 	/Library/Java/JavaVirtualMachines/jdk1.8.0_65.jdk/Contents/Home/jre/lib/libawt_lwawt.dylib
0x000000011effe000 	/Library/Java/JavaVirtualMachines/jdk1.8.0_65.jdk/Contents/Home/jre/lib/./libosxapp.dylib
0x0000000009b6d000 	/System/Library/Frameworks/ExceptionHandling.framework/Versions/A/ExceptionHandling
0x0000000009b6d000 	/System/Library/PrivateFrameworks/CoreServicesInternal.framework/Versions/A/CoreServicesInternal
0x0000000009b6d000 	/System/Library/PrivateFrameworks/CloudDocs.framework/Versions/A/CloudDocs
0x0000000009b6d000 	/System/Library/PrivateFrameworks/CoreDuet.framework/Versions/A/CoreDuet
0x0000000009b6d000 	/System/Library/Frameworks/CloudKit.framework/Versions/A/CloudKit
0x0000000009b6d000 	/System/Library/PrivateFrameworks/ProtocolBuffer.framework/Versions/A/ProtocolBuffer
0x0000000009b6d000 	/System/Library/PrivateFrameworks/CoreDuetDaemonProtocol.framework/Versions/A/CoreDuetDaemonProtocol
0x0000000009b6d000 	/System/Library/PrivateFrameworks/CoreDuetDebugLogging.framework/Versions/A/CoreDuetDebugLogging
0x0000000009b6d000 	/System/Library/PrivateFrameworks/MMCS.framework/Versions/A/MMCS
0x0000000009b6d000 	/System/Library/Frameworks/CoreLocation.framework/Versions/A/CoreLocation
0x0000000009b6d000 	/System/Library/PrivateFrameworks/ProtectedCloudStorage.framework/Versions/A/ProtectedCloudStorage
0x0000000009b6d000 	/System/Library/PrivateFrameworks/GeoServices.framework/Versions/A/GeoServices
0x0000000009b6d000 	/System/Library/Frameworks/CoreGraphics.framework/Versions/A/Resources/libCGCMS.A.dylib
0x0000000009b6d000 	/System/Library/Frameworks/CoreGraphics.framework/Versions/A/Resources/libRIP.A.dylib
0x0000000009b6d000 	/System/Library/Frameworks/CoreGraphics.framework/Versions/A/Resources/libCGXType.A.dylib
0x0000000009b6d000 	/System/Library/Frameworks/OpenCL.framework/Versions/A/Libraries/libcldcpuengine.dylib
0x0000000009b6d000 	/System/Library/PrivateFrameworks/DiskImages.framework/Versions/A/DiskImages
0x0000000009b6d000 	/System/Library/Frameworks/DiscRecording.framework/Versions/A/DiscRecording
0x0000000009b6d000 	/usr/lib/libcsfde.dylib
0x0000000009b6d000 	/usr/lib/libcurl.4.dylib
0x0000000009b6d000 	/System/Library/PrivateFrameworks/MediaKit.framework/Versions/A/MediaKit
0x0000000009b6d000 	/usr/lib/libCoreStorage.dylib
0x0000000009b6d000 	/System/Library/PrivateFrameworks/EFILogin.framework/Versions/A/EFILogin
0x0000000009b6d000 	/usr/lib/libutil.dylib
0x0000000009b6d000 	/System/Library/PrivateFrameworks/FindMyDevice.framework/Versions/A/FindMyDevice
0x0000000009b6d000 	/System/Library/Frameworks/LDAP.framework/Versions/A/LDAP
0x0000000009b6d000 	/usr/lib/libsasl2.2.dylib
0x0000000009b6d000 	/System/Library/PrivateFrameworks/CoreDaemon.framework/Versions/B/CoreDaemon
0x0000000009b6d000 	/usr/lib/libcrypto.0.9.8.dylib
0x0000000009b6d000 	/System/Library/PrivateFrameworks/AppleSRP.framework/Versions/A/AppleSRP
0x0000000009b6d000 	/System/Library/PrivateFrameworks/TrustEvaluationAgent.framework/Versions/A/TrustEvaluationAgent
0x0000000122428000 	cl_kernels
0x000000012242a000 	/System/Library/Frameworks/OpenCL.framework/Versions/A/Libraries/ImageFormats/unorm8_bgra.dylib
0x000000012241a000 	cl_kernels
0x0000000009b6d000 	/System/Library/PrivateFrameworks/FamilyControls.framework/Versions/A/FamilyControls
0x0000000009b6d000 	/System/Library/PrivateFrameworks/CommerceKit.framework/Versions/A/Frameworks/CommerceCore.framework/Versions/A/CommerceCore
0x0000000009b6d000 	/System/Library/PrivateFrameworks/SystemAdministration.framework/Versions/A/SystemAdministration
0x0000000009b6d000 	/System/Library/PrivateFrameworks/AppContainer.framework/Versions/A/AppContainer
0x0000000009b6d000 	/System/Library/PrivateFrameworks/SecCodeWrapper.framework/Versions/A/SecCodeWrapper
0x0000000009b6d000 	/System/Library/Frameworks/DirectoryService.framework/Versions/A/DirectoryService
0x0000000009b6d000 	/System/Library/PrivateFrameworks/LoginUIKit.framework/Versions/A/Frameworks/LoginUICore.framework/Versions/A/LoginUICore
0x0000000009b6d000 	/usr/lib/libodfde.dylib
0x0000000123852000 	/Library/Java/JavaVirtualMachines/jdk1.8.0_65.jdk/Contents/Home/jre/lib/libfontmanager.dylib
0x00000001238b9000 	/Users/filipdusic/Desktop/NATIVI/macosx/liblwjgl.dylib
0x0000000121886000 	/Library/Java/JavaVirtualMachines/jdk1.8.0_65.jdk/Contents/Home/jre/lib/libjawt.dylib
0x0000000009b6d000 	/System/Library/Frameworks/OpenGL.framework/Versions/A/Resources/GLEngine.bundle/GLEngine
0x0000000009b6d000 	/System/Library/Frameworks/OpenGL.framework/Versions/A/Libraries/libGLProgrammability.dylib
0x000000012393b000 	/System/Library/Extensions/AppleIntelHD5000GraphicsGLDriver.bundle/Contents/MacOS/AppleIntelHD5000GraphicsGLDriver
0x0000000009b6d000 	/System/Library/PrivateFrameworks/IOAccelerator.framework/Versions/A/IOAccelerator
0x0000000009b6d000 	/System/Library/PrivateFrameworks/GPUSupport.framework/Versions/A/Libraries/libGPUSupportMercury.dylib
0x0000000009b6d000 	/System/Library/Frameworks/OpenGL.framework/Versions/A/Resources/GLRendererFloat.bundle/GLRendererFloat
0x0000000122420000 	/Users/filipdusic/Desktop/NATIVI/macosx/libjinput-osx.dylib
0x0000000124e5b000 	/System/Library/Extensions/IOHIDFamily.kext/Contents/PlugIns/IOHIDLib.plugin/Contents/MacOS/IOHIDLib
0x0000000125cac000 	/Library/Java/JavaVirtualMachines/jdk1.8.0_65.jdk/Contents/Home/jre/lib/libnio.dylib
0x0000000125cbc000 	/Library/Java/JavaVirtualMachines/jdk1.8.0_65.jdk/Contents/Home/jre/lib/./libnet.dylib
0x0000000125ddb000 	/Library/Java/JavaVirtualMachines/jdk1.8.0_65.jdk/Contents/Home/jre/lib/libjpeg.dylib

VM Arguments:
jvm_args: -Djava.library.path=/Users/filipdusic/Desktop/NATIVI/macosx -Dfile.encoding=UTF-8 
java_command: mainPackage.MainClass
java_class_path (initial): /Users/filipdusic/git/OriBelot/ORI_BELOT_2016/bin:/Users/filipdusic/git/OriBelot/ORI_BELOT_2016/Resources/lib/jinput.jar:/Users/filipdusic/git/OriBelot/ORI_BELOT_2016/Resources/lib/lwjgl.jar:/Users/filipdusic/git/OriBelot/ORI_BELOT_2016/Resources/lib/slick.jar
Launcher Type: SUN_STANDARD

Environment Variables:
PATH=/usr/bin:/bin:/usr/sbin:/sbin
SHELL=/bin/bash

Signal Handlers:
SIGSEGV: [libjvm.dylib+0x5a6d31], sa_mask[0]=11111111011111110111111111111111, sa_flags=SA_ONSTACK|SA_RESTART|SA_SIGINFO
SIGBUS: [libjvm.dylib+0x5a6d31], sa_mask[0]=11111111011111110111111111111111, sa_flags=SA_RESTART|SA_SIGINFO
SIGFPE: [libjvm.dylib+0x480a40], sa_mask[0]=11111111011111110111111111111111, sa_flags=SA_RESTART|SA_SIGINFO
SIGPIPE: [libjvm.dylib+0x480a40], sa_mask[0]=11111111011111110111111111111111, sa_flags=SA_RESTART|SA_SIGINFO
SIGXFSZ: [libjvm.dylib+0x480a40], sa_mask[0]=11111111011111110111111111111111, sa_flags=SA_RESTART|SA_SIGINFO
SIGILL: [libjvm.dylib+0x480a40], sa_mask[0]=11111111011111110111111111111111, sa_flags=SA_RESTART|SA_SIGINFO
SIGUSR1: SIG_DFL, sa_mask[0]=00000000000000000000000000000000, sa_flags=none
SIGUSR2: [libjvm.dylib+0x48055e], sa_mask[0]=00100000000000000000000000000000, sa_flags=SA_RESTART|SA_SIGINFO
SIGHUP: [libjvm.dylib+0x47eb35], sa_mask[0]=11111111011111110111111111111111, sa_flags=SA_RESTART|SA_SIGINFO
SIGINT: [libjvm.dylib+0x47eb35], sa_mask[0]=11111111011111110111111111111111, sa_flags=SA_RESTART|SA_SIGINFO
SIGTERM: [libjvm.dylib+0x47eb35], sa_mask[0]=11111111011111110111111111111111, sa_flags=SA_RESTART|SA_SIGINFO
SIGQUIT: [libjvm.dylib+0x47eb35], sa_mask[0]=11111111011111110111111111111111, sa_flags=SA_RESTART|SA_SIGINFO


---------------  S Y S T E M  ---------------

OS:Bsduname:Darwin 14.5.0 Darwin Kernel Version 14.5.0: Wed Jul 29 02:26:53 PDT 2015; root:xnu-2782.40.9~1/RELEASE_X86_64 x86_64
rlimit: STACK 8192k, CORE 0k, NPROC 709, NOFILE 10240, AS infinity
load average:1.68 1.43 1.31

CPU:total 8 (4 cores per cpu, 2 threads per core) family 6 model 70 stepping 1, cmov, cx8, fxsr, mmx, sse, sse2, sse3, ssse3, sse4.1, sse4.2, popcnt, avx, avx2, aes, clmul, erms, lzcnt, ht, tsc, tscinvbit, bmi1, bmi2

Memory: 4k page, physical 8388608k(254900k free)

/proc/meminfo:


vm_info: Java HotSpot(TM) 64-Bit Server VM (25.65-b01) for bsd-amd64 JRE (1.8.0_65-b17), built on Oct  6 2015 15:36:46 by "java_re" with gcc 4.2.1 (Based on Apple Inc. build 5658) (LLVM build 2336.11.00)

time: Sat Jun 18 23:29:19 2016
elapsed time: 10 seconds (0d 0h 0m 10s)

